{"level":"info","message":"Database connected","time":"2026-05-15T17:16:04.789Z","timestamp":"2026-05-15 22:46:04"}
{"level":"info","message":"✅ Database connection established","timestamp":"2026-05-15 22:46:04"}
{"level":"info","message":"✅ Inventory schema migration complete","timestamp":"2026-05-15 22:46:04"}
{"level":"info","message":"🚀 Data Recovery CRM API running on port 5000","timestamp":"2026-05-15 22:46:04"}
{"level":"info","message":"📊 Environment: development","timestamp":"2026-05-15 22:46:04"}
{"level":"info","message":"Database connected","time":"2026-05-15T17:18:51.463Z","timestamp":"2026-05-15 22:48:51"}
{"level":"info","message":"✅ Database connection established","timestamp":"2026-05-15 22:48:51"}
{"level":"info","message":"✅ Inventory schema migration complete","timestamp":"2026-05-15 22:48:51"}
{"level":"info","message":"Database connected","time":"2026-05-15T17:19:38.097Z","timestamp":"2026-05-15 22:49:38"}
{"level":"info","message":"✅ Database connection established","timestamp":"2026-05-15 22:49:38"}
{"level":"info","message":"✅ Inventory schema migration complete","timestamp":"2026-05-15 22:49:38"}
{"level":"info","message":"🚀 Data Recovery CRM API running on port 5001","timestamp":"2026-05-15 22:49:38"}
{"level":"info","message":"📊 Environment: development","timestamp":"2026-05-15 22:49:38"}
{"ip":"::1","level":"warn","message":"Failed login attempt","timestamp":"2026-05-15 22:50:37","username":"superadmin"}
{"level":"info","message":"User logged in","timestamp":"2026-05-15 22:50:52","userId":"32d6a324-3f27-4160-acd3-012fa4559061","username":"superadmin"}
{"level":"info","message":"User logged in","timestamp":"2026-05-15 22:56:00","userId":"32d6a324-3f27-4160-acd3-012fa4559061","username":"superadmin"}
{"error":"column t.tenant_owner_id does not exist","level":"error","message":"Query error","text":"SELECT u.id, u.username, u.email AS admin_email, u.full_name AS admin_name,\n              u.phone, u","timestamp":"2026-05-15 22:56:01"}
{"error":"column t.tenant_owner_id does not exist","level":"error","message":"Query error","text":"SELECT u.id, u.username, u.email AS admin_email, u.full_name AS admin_name,\n              u.phone, u","timestamp":"2026-05-15 22:56:01"}
{"level":"info","message":"User logged in","timestamp":"2026-05-15 22:56:12","userId":"c2db7c7c-7e91-4ff1-bce3-85b1f42ddb12","username":"admin"}
{"error":"invalid input value for enum item_category: \"wd_35\"","level":"error","message":"Query error","text":"SELECT COUNT(*) FROM inventory_items ii WHERE ii.tenant_id = $1 AND ii.category = $2","timestamp":"2026-05-15 22:57:46"}
{"error":"invalid input value for enum item_category: \"wd_25\"","level":"error","message":"Query error","text":"SELECT COUNT(*) FROM inventory_items ii WHERE ii.tenant_id = $1 AND ii.category = $2","timestamp":"2026-05-15 22:57:46"}
{"error":"invalid input value for enum item_category: \"seagate_35\"","level":"error","message":"Query error","text":"SELECT COUNT(*) FROM inventory_items ii WHERE ii.tenant_id = $1 AND ii.category = $2","timestamp":"2026-05-15 22:57:47"}
{"error":"invalid input value for enum item_category: \"seagate_25\"","level":"error","message":"Query error","text":"SELECT COUNT(*) FROM inventory_items ii WHERE ii.tenant_id = $1 AND ii.category = $2","timestamp":"2026-05-15 22:57:47"}
{"level":"info","message":"Database connected","time":"2026-05-15T17:33:58.021Z","timestamp":"2026-05-15 23:03:58"}
{"level":"info","message":"✅ Database connection established","timestamp":"2026-05-15 23:03:58"}
{"level":"info","message":"✅ Inventory schema migration complete","timestamp":"2026-05-15 23:03:58"}
{"level":"info","message":"🚀 Data Recovery CRM API running on port 5001","timestamp":"2026-05-15 23:03:58"}
{"level":"info","message":"📊 Environment: development","timestamp":"2026-05-15 23:03:58"}
