{"level":"info","message":"Database connected","time":"2026-05-19T09:57:02.009Z","timestamp":"2026-05-19 15:27:02"}
{"level":"info","message":"✅ Database connection established","timestamp":"2026-05-19 15:27:02"}
{"level":"info","message":"✅ Inventory schema migration complete","timestamp":"2026-05-19 15:27:02"}
{"level":"info","message":"Database connected","time":"2026-05-19T09:57:40.797Z","timestamp":"2026-05-19 15:27:40"}
{"level":"info","message":"✅ Database connection established","timestamp":"2026-05-19 15:27:40"}
{"level":"info","message":"✅ Inventory schema migration complete","timestamp":"2026-05-19 15:27:40"}
{"level":"info","message":"🚀 Data Recovery CRM API running on port 5001","timestamp":"2026-05-19 15:27:40"}
{"level":"info","message":"📊 Environment: development","timestamp":"2026-05-19 15:27:40"}
{"error":"foreign key constraint \"marketing_email_templates_created_by_fkey\" cannot be implemented","level":"error","message":"Query error","text":"CREATE TABLE IF NOT EXISTS marketing_email_templates (\n      id SERIAL PRIMARY KEY,\n      name VARCH","timestamp":"2026-05-19 15:27:40"}
{"error":"foreign key constraint \"marketing_whatsapp_templates_created_by_fkey\" cannot be implemented","level":"error","message":"Query error","text":"CREATE TABLE IF NOT EXISTS marketing_whatsapp_templates (\n      id SERIAL PRIMARY KEY,\n      name VA","timestamp":"2026-05-19 15:27:40"}
{"error":"relation \"marketing_email_templates\" does not exist","level":"error","message":"Query error","text":"CREATE TABLE IF NOT EXISTS marketing_campaigns (\n      id SERIAL PRIMARY KEY,\n      name VARCHAR(300","timestamp":"2026-05-19 15:27:41"}
{"error":"relation \"marketing_campaigns\" does not exist","level":"error","message":"Query error","text":"CREATE TABLE IF NOT EXISTS marketing_campaign_recipients (\n      id SERIAL PRIMARY KEY,\n      campai","timestamp":"2026-05-19 15:27:41"}
{"error":"relation \"marketing_campaign_recipients\" does not exist","level":"error","message":"Query error","text":"CREATE INDEX IF NOT EXISTS idx_campaign_recs_campaign ON marketing_campaign_recipients(campaign_id)","timestamp":"2026-05-19 15:27:41"}
{"error":"relation \"marketing_campaign_recipients\" does not exist","level":"error","message":"Query error","text":"CREATE INDEX IF NOT EXISTS idx_campaign_recs_client ON marketing_campaign_recipients(client_id)","timestamp":"2026-05-19 15:27:41"}
{"level":"info","message":"Database connected","time":"2026-05-19T11:11:30.728Z","timestamp":"2026-05-19 16:41:30"}
{"level":"info","message":"✅ Database connection established","timestamp":"2026-05-19 16:41:30"}
{"level":"info","message":"✅ Inventory schema migration complete","timestamp":"2026-05-19 16:41:30"}
{"level":"info","message":"🚀 Data Recovery CRM API running on port 5001","timestamp":"2026-05-19 16:41:30"}
{"level":"info","message":"📊 Environment: development","timestamp":"2026-05-19 16:41:30"}
{"error":"foreign key constraint \"marketing_email_templates_created_by_fkey\" cannot be implemented","level":"error","message":"Query error","text":"CREATE TABLE IF NOT EXISTS marketing_email_templates (\n      id SERIAL PRIMARY KEY,\n      name VARCH","timestamp":"2026-05-19 16:41:30"}
{"error":"foreign key constraint \"marketing_whatsapp_templates_created_by_fkey\" cannot be implemented","level":"error","message":"Query error","text":"CREATE TABLE IF NOT EXISTS marketing_whatsapp_templates (\n      id SERIAL PRIMARY KEY,\n      name VA","timestamp":"2026-05-19 16:41:30"}
{"error":"relation \"marketing_email_templates\" does not exist","level":"error","message":"Query error","text":"CREATE TABLE IF NOT EXISTS marketing_campaigns (\n      id SERIAL PRIMARY KEY,\n      name VARCHAR(300","timestamp":"2026-05-19 16:41:30"}
{"error":"relation \"marketing_campaigns\" does not exist","level":"error","message":"Query error","text":"CREATE TABLE IF NOT EXISTS marketing_campaign_recipients (\n      id SERIAL PRIMARY KEY,\n      campai","timestamp":"2026-05-19 16:41:30"}
{"error":"relation \"marketing_campaign_recipients\" does not exist","level":"error","message":"Query error","text":"CREATE INDEX IF NOT EXISTS idx_campaign_recs_campaign ON marketing_campaign_recipients(campaign_id)","timestamp":"2026-05-19 16:41:30"}
{"error":"relation \"marketing_campaign_recipients\" does not exist","level":"error","message":"Query error","text":"CREATE INDEX IF NOT EXISTS idx_campaign_recs_client ON marketing_campaign_recipients(client_id)","timestamp":"2026-05-19 16:41:31"}
{"level":"info","message":"Database connected","time":"2026-05-19T11:59:13.909Z","timestamp":"2026-05-19 17:29:13"}
{"level":"info","message":"✅ Database connection established","timestamp":"2026-05-19 17:29:13"}
{"level":"info","message":"✅ Inventory schema migration complete","timestamp":"2026-05-19 17:29:13"}
{"level":"info","message":"🚀 Data Recovery CRM API running on port 5001","timestamp":"2026-05-19 17:29:13"}
{"level":"info","message":"📊 Environment: development","timestamp":"2026-05-19 17:29:13"}
{"error":"foreign key constraint \"marketing_email_templates_created_by_fkey\" cannot be implemented","level":"error","message":"Query error","text":"CREATE TABLE IF NOT EXISTS marketing_email_templates (\n      id SERIAL PRIMARY KEY,\n      name VARCH","timestamp":"2026-05-19 17:29:13"}
{"error":"foreign key constraint \"marketing_whatsapp_templates_created_by_fkey\" cannot be implemented","level":"error","message":"Query error","text":"CREATE TABLE IF NOT EXISTS marketing_whatsapp_templates (\n      id SERIAL PRIMARY KEY,\n      name VA","timestamp":"2026-05-19 17:29:13"}
{"error":"relation \"marketing_email_templates\" does not exist","level":"error","message":"Query error","text":"CREATE TABLE IF NOT EXISTS marketing_campaigns (\n      id SERIAL PRIMARY KEY,\n      name VARCHAR(300","timestamp":"2026-05-19 17:29:13"}
{"error":"relation \"marketing_campaigns\" does not exist","level":"error","message":"Query error","text":"CREATE TABLE IF NOT EXISTS marketing_campaign_recipients (\n      id SERIAL PRIMARY KEY,\n      campai","timestamp":"2026-05-19 17:29:14"}
{"error":"relation \"marketing_campaign_recipients\" does not exist","level":"error","message":"Query error","text":"CREATE INDEX IF NOT EXISTS idx_campaign_recs_campaign ON marketing_campaign_recipients(campaign_id)","timestamp":"2026-05-19 17:29:14"}
{"error":"relation \"marketing_campaign_recipients\" does not exist","level":"error","message":"Query error","text":"CREATE INDEX IF NOT EXISTS idx_campaign_recs_client ON marketing_campaign_recipients(client_id)","timestamp":"2026-05-19 17:29:14"}
{"level":"info","message":"Database connected","time":"2026-05-19T11:59:14.839Z","timestamp":"2026-05-19 17:29:14"}
{"level":"info","message":"✅ Database connection established","timestamp":"2026-05-19 17:29:14"}
{"error":"foreign key constraint \"marketing_email_templates_created_by_fkey\" cannot be implemented","level":"error","message":"Query error","text":"CREATE TABLE IF NOT EXISTS marketing_email_templates (\n      id SERIAL PRIMARY KEY,\n      name VARCH","timestamp":"2026-05-19 17:29:14"}
{"level":"info","message":"✅ Inventory schema migration complete","timestamp":"2026-05-19 17:29:14"}
{"level":"info","message":"🚀 Data Recovery CRM API running on port 5001","timestamp":"2026-05-19 17:29:14"}
{"level":"info","message":"📊 Environment: development","timestamp":"2026-05-19 17:29:14"}
{"error":"foreign key constraint \"marketing_whatsapp_templates_created_by_fkey\" cannot be implemented","level":"error","message":"Query error","text":"CREATE TABLE IF NOT EXISTS marketing_whatsapp_templates (\n      id SERIAL PRIMARY KEY,\n      name VA","timestamp":"2026-05-19 17:29:14"}
{"error":"relation \"marketing_email_templates\" does not exist","level":"error","message":"Query error","text":"CREATE TABLE IF NOT EXISTS marketing_campaigns (\n      id SERIAL PRIMARY KEY,\n      name VARCHAR(300","timestamp":"2026-05-19 17:29:14"}
{"error":"relation \"marketing_campaigns\" does not exist","level":"error","message":"Query error","text":"CREATE TABLE IF NOT EXISTS marketing_campaign_recipients (\n      id SERIAL PRIMARY KEY,\n      campai","timestamp":"2026-05-19 17:29:14"}
{"error":"relation \"marketing_campaign_recipients\" does not exist","level":"error","message":"Query error","text":"CREATE INDEX IF NOT EXISTS idx_campaign_recs_campaign ON marketing_campaign_recipients(campaign_id)","timestamp":"2026-05-19 17:29:14"}
{"error":"relation \"marketing_campaign_recipients\" does not exist","level":"error","message":"Query error","text":"CREATE INDEX IF NOT EXISTS idx_campaign_recs_client ON marketing_campaign_recipients(client_id)","timestamp":"2026-05-19 17:29:14"}
