{"error":"password authentication failed for user \"postgres\"","level":"error","message":"Query error","text":"CREATE TABLE IF NOT EXISTS marketing_email_templates (\n      id SERIAL PRIMARY KEY,\n      name VARCH","timestamp":"2026-05-22 20:39:09"}
{"error":"password authentication failed for user \"postgres\"","level":"error","message":"Query error","text":"CREATE TABLE IF NOT EXISTS marketing_email_templates (\n      id SERIAL PRIMARY KEY,\n      name VARCH","timestamp":"2026-05-22 20:39:18"}
{"error":"password authentication failed for user \"postgres\"","level":"error","message":"Query error","text":"CREATE TABLE IF NOT EXISTS marketing_email_templates (\n      id SERIAL PRIMARY KEY,\n      name VARCH","timestamp":"2026-05-22 20:39:54"}
{"error":"password authentication failed for user \"postgres\"","level":"error","message":"Failed to start server","timestamp":"2026-05-22 20:39:54"}
{"level":"info","message":"Database connected","time":"2026-05-22T15:12:20.591Z","timestamp":"2026-05-22 20:42:20"}
{"level":"info","message":"✅ Database connection established","timestamp":"2026-05-22 20:42:20"}
{"error":"foreign key constraint \"marketing_email_templates_created_by_fkey\" cannot be implemented","level":"error","message":"Query error","text":"CREATE TABLE IF NOT EXISTS marketing_email_templates (\n      id SERIAL PRIMARY KEY,\n      name VARCH","timestamp":"2026-05-22 20:42:20"}
{"error":"foreign key constraint \"marketing_whatsapp_templates_created_by_fkey\" cannot be implemented","level":"error","message":"Query error","text":"CREATE TABLE IF NOT EXISTS marketing_whatsapp_templates (\n      id SERIAL PRIMARY KEY,\n      name VA","timestamp":"2026-05-22 20:42:21"}
{"level":"info","message":"✅ Database schema migration completed","timestamp":"2026-05-22 20:42:22"}
{"error":"relation \"marketing_email_templates\" does not exist","level":"error","message":"Query error","text":"CREATE TABLE IF NOT EXISTS marketing_campaigns (\n      id SERIAL PRIMARY KEY,\n      name VARCHAR(300","timestamp":"2026-05-22 20:42:22"}
{"level":"info","message":"✅ Inventory schema migration complete","timestamp":"2026-05-22 20:42:22"}
{"level":"info","message":"🚀 Data Recovery CRM API running on port 5001","timestamp":"2026-05-22 20:42:22"}
{"level":"info","message":"📊 Environment: development","timestamp":"2026-05-22 20:42:22"}
{"error":"relation \"marketing_campaigns\" does not exist","level":"error","message":"Query error","text":"CREATE TABLE IF NOT EXISTS marketing_campaign_recipients (\n      id SERIAL PRIMARY KEY,\n      campai","timestamp":"2026-05-22 20:42:22"}
{"error":"relation \"marketing_campaign_recipients\" does not exist","level":"error","message":"Query error","text":"CREATE INDEX IF NOT EXISTS idx_campaign_recs_campaign ON marketing_campaign_recipients(campaign_id)","timestamp":"2026-05-22 20:42:22"}
{"error":"relation \"marketing_campaign_recipients\" does not exist","level":"error","message":"Query error","text":"CREATE INDEX IF NOT EXISTS idx_campaign_recs_client ON marketing_campaign_recipients(client_id)","timestamp":"2026-05-22 20:42:22"}
{"level":"info","message":"Database connected","time":"2026-05-22T15:12:33.208Z","timestamp":"2026-05-22 20:42:33"}
{"level":"info","message":"✅ Database connection established","timestamp":"2026-05-22 20:42:33"}
{"error":"foreign key constraint \"marketing_email_templates_created_by_fkey\" cannot be implemented","level":"error","message":"Query error","text":"CREATE TABLE IF NOT EXISTS marketing_email_templates (\n      id SERIAL PRIMARY KEY,\n      name VARCH","timestamp":"2026-05-22 20:42:33"}
{"error":"foreign key constraint \"marketing_whatsapp_templates_created_by_fkey\" cannot be implemented","level":"error","message":"Query error","text":"CREATE TABLE IF NOT EXISTS marketing_whatsapp_templates (\n      id SERIAL PRIMARY KEY,\n      name VA","timestamp":"2026-05-22 20:42:33"}
{"level":"info","message":"✅ Database schema migration completed","timestamp":"2026-05-22 20:42:34"}
{"error":"relation \"marketing_email_templates\" does not exist","level":"error","message":"Query error","text":"CREATE TABLE IF NOT EXISTS marketing_campaigns (\n      id SERIAL PRIMARY KEY,\n      name VARCHAR(300","timestamp":"2026-05-22 20:42:34"}
{"level":"info","message":"✅ Inventory schema migration complete","timestamp":"2026-05-22 20:42:34"}
{"error":"column \"tenant_id\" does not exist","level":"error","message":"Query error","text":"SELECT id, username, email, full_name, role, tenant_id, is_active, specializations FROM users WHERE ","timestamp":"2026-05-22 20:43:19"}
{"error":"column \"tenant_id\" does not exist","level":"error","message":"Query error","text":"SELECT id, username, email, full_name, role, tenant_id, is_active, specializations,\n              av","timestamp":"2026-05-22 20:43:19"}
{"error":"column \"tenant_id\" does not exist","level":"error","message":"Query error","text":"SELECT id, username, email, full_name, role, tenant_id, is_active, specializations FROM users WHERE ","timestamp":"2026-05-22 20:43:19"}
{"error":"column \"tenant_id\" does not exist","level":"error","message":"Query error","text":"SELECT id, username, email, full_name, role, tenant_id, is_active, specializations,\n              av","timestamp":"2026-05-22 20:43:19"}
{"error":"column \"tenant_id\" does not exist","level":"error","message":"Query error","text":"SELECT id, username, email, full_name, role, tenant_id, is_active, specializations FROM users WHERE ","timestamp":"2026-05-22 20:43:20"}
{"error":"column \"tenant_id\" does not exist","level":"error","message":"Query error","text":"SELECT id, username, email, full_name, role, tenant_id, is_active, specializations FROM users WHERE ","timestamp":"2026-05-22 20:43:20"}
{"error":"column \"tenant_id\" does not exist","level":"error","message":"Query error","text":"SELECT id, username, email, full_name, role, tenant_id, is_active, specializations FROM users WHERE ","timestamp":"2026-05-22 20:43:36"}
{"error":"column \"tenant_id\" does not exist","level":"error","message":"Query error","text":"SELECT id, username, email, full_name, role, tenant_id, is_active, specializations FROM users WHERE ","timestamp":"2026-05-22 20:43:36"}
{"error":"column \"tenant_id\" does not exist","level":"error","message":"Query error","text":"SELECT id, username, email, full_name, role, tenant_id, is_active, specializations FROM users WHERE ","timestamp":"2026-05-22 20:43:38"}
{"error":"column \"tenant_id\" does not exist","level":"error","message":"Query error","text":"SELECT id, username, email, full_name, role, tenant_id, is_active, specializations FROM users WHERE ","timestamp":"2026-05-22 20:43:38"}
{"error":"column \"tenant_id\" does not exist","level":"error","message":"Query error","text":"SELECT id, username, email, full_name, role, tenant_id, is_active, specializations FROM users WHERE ","timestamp":"2026-05-22 20:43:40"}
{"error":"column \"tenant_id\" does not exist","level":"error","message":"Query error","text":"SELECT id, username, email, full_name, role, tenant_id, is_active, specializations FROM users WHERE ","timestamp":"2026-05-22 20:43:40"}
{"error":"column \"tenant_id\" does not exist","level":"error","message":"Query error","text":"SELECT id, username, email, full_name, role, tenant_id, is_active, specializations FROM users WHERE ","timestamp":"2026-05-22 20:43:42"}
{"error":"column \"tenant_id\" does not exist","level":"error","message":"Query error","text":"SELECT id, username, email, full_name, role, tenant_id, is_active, specializations FROM users WHERE ","timestamp":"2026-05-22 20:43:42"}
{"error":"column \"tenant_id\" does not exist","level":"error","message":"Query error","text":"SELECT id, username, email, full_name, role, tenant_id, is_active, specializations FROM users WHERE ","timestamp":"2026-05-22 20:43:42"}
{"error":"column \"tenant_id\" does not exist","level":"error","message":"Query error","text":"SELECT id, username, email, full_name, role, tenant_id, is_active, specializations FROM users WHERE ","timestamp":"2026-05-22 20:43:42"}
{"error":"column \"tenant_id\" does not exist","level":"error","message":"Query error","text":"SELECT id, username, email, full_name, role, tenant_id, is_active, specializations FROM users WHERE ","timestamp":"2026-05-22 20:43:42"}
{"error":"column \"tenant_id\" does not exist","level":"error","message":"Query error","text":"SELECT id, username, email, full_name, role, tenant_id, is_active, specializations FROM users WHERE ","timestamp":"2026-05-22 20:43:42"}
{"error":"column \"tenant_id\" does not exist","level":"error","message":"Query error","text":"SELECT id, username, email, full_name, role, tenant_id, is_active, specializations FROM users WHERE ","timestamp":"2026-05-22 20:43:42"}
{"error":"column \"tenant_id\" does not exist","level":"error","message":"Query error","text":"SELECT id, username, email, full_name, role, tenant_id, is_active, specializations FROM users WHERE ","timestamp":"2026-05-22 20:44:34"}
{"error":"column \"tenant_id\" does not exist","level":"error","message":"Query error","text":"SELECT id, username, email, full_name, role, tenant_id, is_active, specializations FROM users WHERE ","timestamp":"2026-05-22 20:44:34"}
{"error":"column \"tenant_id\" does not exist","level":"error","message":"Query error","text":"SELECT id, username, email, full_name, role, tenant_id, is_active, specializations FROM users WHERE ","timestamp":"2026-05-22 20:44:35"}
{"error":"column \"tenant_id\" does not exist","level":"error","message":"Query error","text":"SELECT id, username, email, full_name, role, tenant_id, is_active, specializations FROM users WHERE ","timestamp":"2026-05-22 20:44:35"}
{"error":"column \"tenant_id\" does not exist","level":"error","message":"Query error","text":"SELECT id, username, email, full_name, role, tenant_id, is_active, specializations FROM users WHERE ","timestamp":"2026-05-22 20:45:07"}
{"error":"column \"tenant_id\" does not exist","level":"error","message":"Query error","text":"SELECT id, username, email, full_name, role, tenant_id, is_active, specializations FROM users WHERE ","timestamp":"2026-05-22 20:45:07"}
{"error":"column \"tenant_id\" does not exist","level":"error","message":"Query error","text":"SELECT id, username, email, full_name, role, tenant_id, is_active, specializations FROM users WHERE ","timestamp":"2026-05-22 20:45:19"}
{"error":"column \"tenant_id\" does not exist","level":"error","message":"Query error","text":"SELECT id, username, email, full_name, role, tenant_id, password_hash, is_active, specializations, a","timestamp":"2026-05-22 20:45:31"}
{"level":"info","message":"User logged in","timestamp":"2026-05-22 20:45:32","userId":"ceba8d1c-fb87-4343-893e-77c1e6f67067","username":"Harsh"}
{"error":"column \"tenant_id\" does not exist","level":"error","message":"Query error","text":"SELECT id, username, email, full_name, role, tenant_id, is_active, specializations FROM users WHERE ","timestamp":"2026-05-22 20:45:33"}
{"error":"column \"tenant_id\" does not exist","level":"error","message":"Query error","text":"SELECT id, username, email, full_name, role, tenant_id, is_active, specializations FROM users WHERE ","timestamp":"2026-05-22 20:45:33"}
{"error":"column \"tenant_id\" does not exist","level":"error","message":"Query error","text":"SELECT id, username, email, full_name, role, tenant_id, is_active, specializations FROM users WHERE ","timestamp":"2026-05-22 20:45:40"}
{"error":"column \"tenant_id\" does not exist","level":"error","message":"Query error","text":"SELECT id, username, email, full_name, role, tenant_id, is_active, specializations FROM users WHERE ","timestamp":"2026-05-22 20:45:40"}
{"error":"column \"tenant_id\" does not exist","level":"error","message":"Query error","text":"SELECT id, username, email, full_name, role, tenant_id, is_active, specializations FROM users WHERE ","timestamp":"2026-05-22 20:45:40"}
{"error":"column \"tenant_id\" does not exist","level":"error","message":"Query error","text":"SELECT id, username, email, full_name, role, tenant_id, is_active, specializations FROM users WHERE ","timestamp":"2026-05-22 20:45:40"}
