{"error":"password authentication failed for user \"postgres\"","level":"error","message":"Failed to start server","timestamp":"2026-05-21 12:46:01"}
{"level":"info","message":"Database connected","time":"2026-05-21T07:18:20.057Z","timestamp":"2026-05-21 12:48:20"}
{"level":"info","message":"✅ Database connection established","timestamp":"2026-05-21 12:48:20"}
{"error":"foreign key constraint \"marketing_email_templates_created_by_fkey\" cannot be implemented","level":"error","message":"Query error","text":"CREATE TABLE IF NOT EXISTS marketing_email_templates (\n      id SERIAL PRIMARY KEY,\n      name VARCH","timestamp":"2026-05-21 12:48:20"}
{"error":"foreign key constraint \"marketing_whatsapp_templates_created_by_fkey\" cannot be implemented","level":"error","message":"Query error","text":"CREATE TABLE IF NOT EXISTS marketing_whatsapp_templates (\n      id SERIAL PRIMARY KEY,\n      name VA","timestamp":"2026-05-21 12:48:20"}
{"level":"info","message":"✅ Database schema migration completed","timestamp":"2026-05-21 12:48:21"}
{"error":"relation \"marketing_email_templates\" does not exist","level":"error","message":"Query error","text":"CREATE TABLE IF NOT EXISTS marketing_campaigns (\n      id SERIAL PRIMARY KEY,\n      name VARCHAR(300","timestamp":"2026-05-21 12:48:21"}
{"level":"info","message":"✅ Inventory schema migration complete","timestamp":"2026-05-21 12:48:21"}
{"level":"info","message":"🚀 Data Recovery CRM API running on port 5001","timestamp":"2026-05-21 12:48:21"}
{"level":"info","message":"📊 Environment: development","timestamp":"2026-05-21 12:48:21"}
{"error":"relation \"marketing_campaigns\" does not exist","level":"error","message":"Query error","text":"CREATE TABLE IF NOT EXISTS marketing_campaign_recipients (\n      id SERIAL PRIMARY KEY,\n      campai","timestamp":"2026-05-21 12:48:21"}
{"error":"relation \"marketing_campaign_recipients\" does not exist","level":"error","message":"Query error","text":"CREATE INDEX IF NOT EXISTS idx_campaign_recs_campaign ON marketing_campaign_recipients(campaign_id)","timestamp":"2026-05-21 12:48:21"}
{"error":"relation \"marketing_campaign_recipients\" does not exist","level":"error","message":"Query error","text":"CREATE INDEX IF NOT EXISTS idx_campaign_recs_client ON marketing_campaign_recipients(client_id)","timestamp":"2026-05-21 12:48:21"}
{"level":"info","message":"User logged in","timestamp":"2026-05-21 12:48:33","userId":"15d8cae8-d1b2-4961-b15d-6bbf4fcde34a","username":"abc_mpb15vah"}
{"level":"info","message":"Database connected","time":"2026-05-21T07:49:58.313Z","timestamp":"2026-05-21 13:19:58"}
{"level":"info","message":"✅ Database connection established","timestamp":"2026-05-21 13:19:58"}
{"error":"foreign key constraint \"marketing_email_templates_created_by_fkey\" cannot be implemented","level":"error","message":"Query error","text":"CREATE TABLE IF NOT EXISTS marketing_email_templates (\n      id SERIAL PRIMARY KEY,\n      name VARCH","timestamp":"2026-05-21 13:19:58"}
{"error":"foreign key constraint \"marketing_whatsapp_templates_created_by_fkey\" cannot be implemented","level":"error","message":"Query error","text":"CREATE TABLE IF NOT EXISTS marketing_whatsapp_templates (\n      id SERIAL PRIMARY KEY,\n      name VA","timestamp":"2026-05-21 13:19:58"}
{"level":"info","message":"✅ Database schema migration completed","timestamp":"2026-05-21 13:19:59"}
{"error":"relation \"marketing_email_templates\" does not exist","level":"error","message":"Query error","text":"CREATE TABLE IF NOT EXISTS marketing_campaigns (\n      id SERIAL PRIMARY KEY,\n      name VARCHAR(300","timestamp":"2026-05-21 13:19:59"}
{"level":"info","message":"✅ Inventory schema migration complete","timestamp":"2026-05-21 13:19:59"}
{"level":"info","message":"🚀 Data Recovery CRM API running on port 5001","timestamp":"2026-05-21 13:19:59"}
{"level":"info","message":"📊 Environment: development","timestamp":"2026-05-21 13:19:59"}
{"error":"relation \"marketing_campaigns\" does not exist","level":"error","message":"Query error","text":"CREATE TABLE IF NOT EXISTS marketing_campaign_recipients (\n      id SERIAL PRIMARY KEY,\n      campai","timestamp":"2026-05-21 13:19:59"}
{"error":"relation \"marketing_campaign_recipients\" does not exist","level":"error","message":"Query error","text":"CREATE INDEX IF NOT EXISTS idx_campaign_recs_campaign ON marketing_campaign_recipients(campaign_id)","timestamp":"2026-05-21 13:19:59"}
{"error":"relation \"marketing_campaign_recipients\" does not exist","level":"error","message":"Query error","text":"CREATE INDEX IF NOT EXISTS idx_campaign_recs_client ON marketing_campaign_recipients(client_id)","timestamp":"2026-05-21 13:19:59"}
{"level":"info","message":"Database connected","time":"2026-05-21T07:50:03.816Z","timestamp":"2026-05-21 13:20:03"}
{"level":"info","message":"✅ Database connection established","timestamp":"2026-05-21 13:20:03"}
{"error":"foreign key constraint \"marketing_email_templates_created_by_fkey\" cannot be implemented","level":"error","message":"Query error","text":"CREATE TABLE IF NOT EXISTS marketing_email_templates (\n      id SERIAL PRIMARY KEY,\n      name VARCH","timestamp":"2026-05-21 13:20:03"}
{"error":"foreign key constraint \"marketing_whatsapp_templates_created_by_fkey\" cannot be implemented","level":"error","message":"Query error","text":"CREATE TABLE IF NOT EXISTS marketing_whatsapp_templates (\n      id SERIAL PRIMARY KEY,\n      name VA","timestamp":"2026-05-21 13:20:04"}
{"level":"info","message":"✅ Database schema migration completed","timestamp":"2026-05-21 13:20:04"}
{"level":"info","message":"✅ Inventory schema migration complete","timestamp":"2026-05-21 13:20:04"}
{"level":"info","message":"🚀 Data Recovery CRM API running on port 5001","timestamp":"2026-05-21 13:20:04"}
{"level":"info","message":"📊 Environment: development","timestamp":"2026-05-21 13:20:04"}
{"error":"relation \"marketing_email_templates\" does not exist","level":"error","message":"Query error","text":"CREATE TABLE IF NOT EXISTS marketing_campaigns (\n      id SERIAL PRIMARY KEY,\n      name VARCHAR(300","timestamp":"2026-05-21 13:20:04"}
{"error":"relation \"marketing_campaigns\" does not exist","level":"error","message":"Query error","text":"CREATE TABLE IF NOT EXISTS marketing_campaign_recipients (\n      id SERIAL PRIMARY KEY,\n      campai","timestamp":"2026-05-21 13:20:04"}
{"error":"relation \"marketing_campaign_recipients\" does not exist","level":"error","message":"Query error","text":"CREATE INDEX IF NOT EXISTS idx_campaign_recs_campaign ON marketing_campaign_recipients(campaign_id)","timestamp":"2026-05-21 13:20:04"}
{"error":"relation \"marketing_campaign_recipients\" does not exist","level":"error","message":"Query error","text":"CREATE INDEX IF NOT EXISTS idx_campaign_recs_client ON marketing_campaign_recipients(client_id)","timestamp":"2026-05-21 13:20:04"}
{"error":"foreign key constraint \"marketing_email_templates_created_by_fkey\" cannot be implemented","level":"error","message":"Query error","text":"CREATE TABLE IF NOT EXISTS marketing_email_templates (\n      id SERIAL PRIMARY KEY,\n      name VARCH","timestamp":"2026-05-21 13:20:09"}
{"error":"foreign key constraint \"marketing_whatsapp_templates_created_by_fkey\" cannot be implemented","level":"error","message":"Query error","text":"CREATE TABLE IF NOT EXISTS marketing_whatsapp_templates (\n      id SERIAL PRIMARY KEY,\n      name VA","timestamp":"2026-05-21 13:20:09"}
{"level":"info","message":"Database connected","time":"2026-05-21T07:50:09.504Z","timestamp":"2026-05-21 13:20:09"}
{"level":"info","message":"✅ Database connection established","timestamp":"2026-05-21 13:20:09"}
{"error":"relation \"marketing_email_templates\" does not exist","level":"error","message":"Query error","text":"CREATE TABLE IF NOT EXISTS marketing_campaigns (\n      id SERIAL PRIMARY KEY,\n      name VARCHAR(300","timestamp":"2026-05-21 13:20:10"}
{"level":"info","message":"✅ Database schema migration completed","timestamp":"2026-05-21 13:20:10"}
{"error":"relation \"marketing_campaigns\" does not exist","level":"error","message":"Query error","text":"CREATE TABLE IF NOT EXISTS marketing_campaign_recipients (\n      id SERIAL PRIMARY KEY,\n      campai","timestamp":"2026-05-21 13:20:10"}
{"level":"info","message":"✅ Inventory schema migration complete","timestamp":"2026-05-21 13:20:10"}
{"level":"info","message":"🚀 Data Recovery CRM API running on port 5001","timestamp":"2026-05-21 13:20:10"}
{"level":"info","message":"📊 Environment: development","timestamp":"2026-05-21 13:20:10"}
{"error":"relation \"marketing_campaign_recipients\" does not exist","level":"error","message":"Query error","text":"CREATE INDEX IF NOT EXISTS idx_campaign_recs_campaign ON marketing_campaign_recipients(campaign_id)","timestamp":"2026-05-21 13:20:10"}
{"error":"relation \"marketing_campaign_recipients\" does not exist","level":"error","message":"Query error","text":"CREATE INDEX IF NOT EXISTS idx_campaign_recs_client ON marketing_campaign_recipients(client_id)","timestamp":"2026-05-21 13:20:10"}
{"error":"foreign key constraint \"marketing_email_templates_created_by_fkey\" cannot be implemented","level":"error","message":"Query error","text":"CREATE TABLE IF NOT EXISTS marketing_email_templates (\n      id SERIAL PRIMARY KEY,\n      name VARCH","timestamp":"2026-05-21 13:20:24"}
{"level":"info","message":"Database connected","time":"2026-05-21T07:50:24.252Z","timestamp":"2026-05-21 13:20:24"}
{"level":"info","message":"✅ Database connection established","timestamp":"2026-05-21 13:20:24"}
{"error":"foreign key constraint \"marketing_whatsapp_templates_created_by_fkey\" cannot be implemented","level":"error","message":"Query error","text":"CREATE TABLE IF NOT EXISTS marketing_whatsapp_templates (\n      id SERIAL PRIMARY KEY,\n      name VA","timestamp":"2026-05-21 13:20:24"}
{"error":"relation \"marketing_email_templates\" does not exist","level":"error","message":"Query error","text":"CREATE TABLE IF NOT EXISTS marketing_campaigns (\n      id SERIAL PRIMARY KEY,\n      name VARCHAR(300","timestamp":"2026-05-21 13:20:24"}
{"level":"info","message":"✅ Database schema migration completed","timestamp":"2026-05-21 13:20:25"}
{"error":"relation \"marketing_campaigns\" does not exist","level":"error","message":"Query error","text":"CREATE TABLE IF NOT EXISTS marketing_campaign_recipients (\n      id SERIAL PRIMARY KEY,\n      campai","timestamp":"2026-05-21 13:20:25"}
{"level":"info","message":"✅ Inventory schema migration complete","timestamp":"2026-05-21 13:20:25"}
{"level":"info","message":"🚀 Data Recovery CRM API running on port 5001","timestamp":"2026-05-21 13:20:25"}
{"level":"info","message":"📊 Environment: development","timestamp":"2026-05-21 13:20:25"}
{"error":"relation \"marketing_campaign_recipients\" does not exist","level":"error","message":"Query error","text":"CREATE INDEX IF NOT EXISTS idx_campaign_recs_campaign ON marketing_campaign_recipients(campaign_id)","timestamp":"2026-05-21 13:20:25"}
{"error":"relation \"marketing_campaign_recipients\" does not exist","level":"error","message":"Query error","text":"CREATE INDEX IF NOT EXISTS idx_campaign_recs_client ON marketing_campaign_recipients(client_id)","timestamp":"2026-05-21 13:20:25"}
{"level":"info","message":"Database connected","time":"2026-05-21T07:50:34.721Z","timestamp":"2026-05-21 13:20:34"}
{"level":"info","message":"✅ Database connection established","timestamp":"2026-05-21 13:20:34"}
{"error":"foreign key constraint \"marketing_email_templates_created_by_fkey\" cannot be implemented","level":"error","message":"Query error","text":"CREATE TABLE IF NOT EXISTS marketing_email_templates (\n      id SERIAL PRIMARY KEY,\n      name VARCH","timestamp":"2026-05-21 13:20:35"}
{"level":"info","message":"✅ Database schema migration completed","timestamp":"2026-05-21 13:20:35"}
{"error":"foreign key constraint \"marketing_whatsapp_templates_created_by_fkey\" cannot be implemented","level":"error","message":"Query error","text":"CREATE TABLE IF NOT EXISTS marketing_whatsapp_templates (\n      id SERIAL PRIMARY KEY,\n      name VA","timestamp":"2026-05-21 13:20:35"}
{"level":"info","message":"✅ Inventory schema migration complete","timestamp":"2026-05-21 13:20:35"}
{"level":"info","message":"🚀 Data Recovery CRM API running on port 5001","timestamp":"2026-05-21 13:20:35"}
{"level":"info","message":"📊 Environment: development","timestamp":"2026-05-21 13:20:35"}
{"error":"relation \"marketing_email_templates\" does not exist","level":"error","message":"Query error","text":"CREATE TABLE IF NOT EXISTS marketing_campaigns (\n      id SERIAL PRIMARY KEY,\n      name VARCHAR(300","timestamp":"2026-05-21 13:20:35"}
{"error":"relation \"marketing_campaigns\" does not exist","level":"error","message":"Query error","text":"CREATE TABLE IF NOT EXISTS marketing_campaign_recipients (\n      id SERIAL PRIMARY KEY,\n      campai","timestamp":"2026-05-21 13:20:35"}
{"error":"relation \"marketing_campaign_recipients\" does not exist","level":"error","message":"Query error","text":"CREATE INDEX IF NOT EXISTS idx_campaign_recs_campaign ON marketing_campaign_recipients(campaign_id)","timestamp":"2026-05-21 13:20:35"}
{"error":"relation \"marketing_campaign_recipients\" does not exist","level":"error","message":"Query error","text":"CREATE INDEX IF NOT EXISTS idx_campaign_recs_client ON marketing_campaign_recipients(client_id)","timestamp":"2026-05-21 13:20:35"}
{"level":"info","message":"Database connected","time":"2026-05-21T07:52:34.241Z","timestamp":"2026-05-21 13:22:34"}
{"level":"info","message":"✅ Database connection established","timestamp":"2026-05-21 13:22:34"}
{"error":"foreign key constraint \"marketing_email_templates_created_by_fkey\" cannot be implemented","level":"error","message":"Query error","text":"CREATE TABLE IF NOT EXISTS marketing_email_templates (\n      id SERIAL PRIMARY KEY,\n      name VARCH","timestamp":"2026-05-21 13:22:34"}
{"error":"foreign key constraint \"marketing_whatsapp_templates_created_by_fkey\" cannot be implemented","level":"error","message":"Query error","text":"CREATE TABLE IF NOT EXISTS marketing_whatsapp_templates (\n      id SERIAL PRIMARY KEY,\n      name VA","timestamp":"2026-05-21 13:22:34"}
{"level":"info","message":"✅ Database schema migration completed","timestamp":"2026-05-21 13:22:35"}
{"error":"relation \"marketing_email_templates\" does not exist","level":"error","message":"Query error","text":"CREATE TABLE IF NOT EXISTS marketing_campaigns (\n      id SERIAL PRIMARY KEY,\n      name VARCHAR(300","timestamp":"2026-05-21 13:22:35"}
{"level":"info","message":"✅ Inventory schema migration complete","timestamp":"2026-05-21 13:22:35"}
{"level":"info","message":"🚀 Data Recovery CRM API running on port 5001","timestamp":"2026-05-21 13:22:35"}
{"level":"info","message":"📊 Environment: development","timestamp":"2026-05-21 13:22:35"}
{"error":"relation \"marketing_campaigns\" does not exist","level":"error","message":"Query error","text":"CREATE TABLE IF NOT EXISTS marketing_campaign_recipients (\n      id SERIAL PRIMARY KEY,\n      campai","timestamp":"2026-05-21 13:22:35"}
{"error":"relation \"marketing_campaign_recipients\" does not exist","level":"error","message":"Query error","text":"CREATE INDEX IF NOT EXISTS idx_campaign_recs_campaign ON marketing_campaign_recipients(campaign_id)","timestamp":"2026-05-21 13:22:35"}
{"error":"relation \"marketing_campaign_recipients\" does not exist","level":"error","message":"Query error","text":"CREATE INDEX IF NOT EXISTS idx_campaign_recs_client ON marketing_campaign_recipients(client_id)","timestamp":"2026-05-21 13:22:35"}
{"error":"column \"tenant_id\" does not exist","level":"error","message":"Query error","text":"SELECT id, username, email, full_name, role, tenant_id, is_active, specializations FROM users WHERE ","timestamp":"2026-05-21 13:23:50"}
{"error":"column \"tenant_id\" does not exist","level":"error","message":"Auth middleware error","timestamp":"2026-05-21 13:23:50"}
{"error":"column \"tenant_id\" does not exist","level":"error","message":"Query error","text":"SELECT id, username, email, full_name, role, tenant_id, is_active, specializations FROM users WHERE ","timestamp":"2026-05-21 13:24:50"}
{"error":"column \"tenant_id\" does not exist","level":"error","message":"Auth middleware error","timestamp":"2026-05-21 13:24:50"}
{"level":"info","message":"Database connected","time":"2026-05-21T07:58:39.723Z","timestamp":"2026-05-21 13:28:39"}
{"level":"info","message":"✅ Database connection established","timestamp":"2026-05-21 13:28:39"}
{"error":"foreign key constraint \"marketing_email_templates_created_by_fkey\" cannot be implemented","level":"error","message":"Query error","text":"CREATE TABLE IF NOT EXISTS marketing_email_templates (\n      id SERIAL PRIMARY KEY,\n      name VARCH","timestamp":"2026-05-21 13:28:39"}
{"error":"foreign key constraint \"marketing_whatsapp_templates_created_by_fkey\" cannot be implemented","level":"error","message":"Query error","text":"CREATE TABLE IF NOT EXISTS marketing_whatsapp_templates (\n      id SERIAL PRIMARY KEY,\n      name VA","timestamp":"2026-05-21 13:28:40"}
{"level":"info","message":"✅ Database schema migration completed","timestamp":"2026-05-21 13:28:40"}
{"error":"relation \"marketing_email_templates\" does not exist","level":"error","message":"Query error","text":"CREATE TABLE IF NOT EXISTS marketing_campaigns (\n      id SERIAL PRIMARY KEY,\n      name VARCHAR(300","timestamp":"2026-05-21 13:28:40"}
{"level":"info","message":"✅ Inventory schema migration complete","timestamp":"2026-05-21 13:28:40"}
{"error":"column \"tenant_id\" does not exist","level":"error","message":"Query error","text":"SELECT id, username, email, full_name, role, tenant_id, is_active, specializations FROM users WHERE ","timestamp":"2026-05-21 13:32:05"}
{"error":"column \"tenant_id\" does not exist","level":"error","message":"Auth middleware error","timestamp":"2026-05-21 13:32:05"}
{"error":"column \"tenant_id\" does not exist","level":"error","message":"Query error","text":"SELECT id, username, email, full_name, role, tenant_id, is_active, specializations FROM users WHERE ","timestamp":"2026-05-21 13:32:06"}
{"error":"column \"tenant_id\" does not exist","level":"error","message":"Auth middleware error","timestamp":"2026-05-21 13:32:06"}
{"error":"column \"tenant_id\" does not exist","level":"error","message":"Query error","text":"SELECT id, username, email, full_name, role, tenant_id, is_active, specializations FROM users WHERE ","timestamp":"2026-05-21 13:32:08"}
{"error":"column \"tenant_id\" does not exist","level":"error","message":"Auth middleware error","timestamp":"2026-05-21 13:32:08"}
{"level":"info","message":"Database connected","time":"2026-05-21T08:05:33.008Z","timestamp":"2026-05-21 13:35:33"}
{"level":"info","message":"✅ Database connection established","timestamp":"2026-05-21 13:35:33"}
{"error":"foreign key constraint \"marketing_email_templates_created_by_fkey\" cannot be implemented","level":"error","message":"Query error","text":"CREATE TABLE IF NOT EXISTS marketing_email_templates (\n      id SERIAL PRIMARY KEY,\n      name VARCH","timestamp":"2026-05-21 13:35:33"}
{"error":"foreign key constraint \"marketing_whatsapp_templates_created_by_fkey\" cannot be implemented","level":"error","message":"Query error","text":"CREATE TABLE IF NOT EXISTS marketing_whatsapp_templates (\n      id SERIAL PRIMARY KEY,\n      name VA","timestamp":"2026-05-21 13:35:33"}
{"level":"info","message":"✅ Database schema migration completed","timestamp":"2026-05-21 13:35:33"}
{"level":"info","message":"✅ Inventory schema migration complete","timestamp":"2026-05-21 13:35:33"}
{"level":"info","message":"Database connected","time":"2026-05-21T08:09:10.969Z","timestamp":"2026-05-21 13:39:10"}
{"level":"info","message":"✅ Database connection established","timestamp":"2026-05-21 13:39:10"}
{"error":"foreign key constraint \"marketing_email_templates_created_by_fkey\" cannot be implemented","level":"error","message":"Query error","text":"CREATE TABLE IF NOT EXISTS marketing_email_templates (\n      id SERIAL PRIMARY KEY,\n      name VARCH","timestamp":"2026-05-21 13:39:10"}
{"error":"foreign key constraint \"marketing_whatsapp_templates_created_by_fkey\" cannot be implemented","level":"error","message":"Query error","text":"CREATE TABLE IF NOT EXISTS marketing_whatsapp_templates (\n      id SERIAL PRIMARY KEY,\n      name VA","timestamp":"2026-05-21 13:39:11"}
{"level":"info","message":"✅ Database schema migration completed","timestamp":"2026-05-21 13:39:11"}
{"error":"relation \"marketing_email_templates\" does not exist","level":"error","message":"Query error","text":"CREATE TABLE IF NOT EXISTS marketing_campaigns (\n      id SERIAL PRIMARY KEY,\n      name VARCHAR(300","timestamp":"2026-05-21 13:39:11"}
{"level":"info","message":"✅ Inventory schema migration complete","timestamp":"2026-05-21 13:39:11"}
{"level":"info","message":"🚀 Data Recovery CRM API running on port 5001","timestamp":"2026-05-21 13:39:11"}
{"level":"info","message":"📊 Environment: development","timestamp":"2026-05-21 13:39:11"}
{"error":"relation \"marketing_campaigns\" does not exist","level":"error","message":"Query error","text":"CREATE TABLE IF NOT EXISTS marketing_campaign_recipients (\n      id SERIAL PRIMARY KEY,\n      campai","timestamp":"2026-05-21 13:39:11"}
{"error":"relation \"marketing_campaign_recipients\" does not exist","level":"error","message":"Query error","text":"CREATE INDEX IF NOT EXISTS idx_campaign_recs_campaign ON marketing_campaign_recipients(campaign_id)","timestamp":"2026-05-21 13:39:11"}
{"error":"relation \"marketing_campaign_recipients\" does not exist","level":"error","message":"Query error","text":"CREATE INDEX IF NOT EXISTS idx_campaign_recs_client ON marketing_campaign_recipients(client_id)","timestamp":"2026-05-21 13:39:11"}
{"level":"info","message":"Database connected","time":"2026-05-21T08:09:30.414Z","timestamp":"2026-05-21 13:39:30"}
{"level":"info","message":"✅ Database connection established","timestamp":"2026-05-21 13:39:30"}
{"error":"foreign key constraint \"marketing_email_templates_created_by_fkey\" cannot be implemented","level":"error","message":"Query error","text":"CREATE TABLE IF NOT EXISTS marketing_email_templates (\n      id SERIAL PRIMARY KEY,\n      name VARCH","timestamp":"2026-05-21 13:39:30"}
{"error":"foreign key constraint \"marketing_whatsapp_templates_created_by_fkey\" cannot be implemented","level":"error","message":"Query error","text":"CREATE TABLE IF NOT EXISTS marketing_whatsapp_templates (\n      id SERIAL PRIMARY KEY,\n      name VA","timestamp":"2026-05-21 13:39:30"}
{"level":"info","message":"✅ Database schema migration completed","timestamp":"2026-05-21 13:39:31"}
{"error":"relation \"marketing_email_templates\" does not exist","level":"error","message":"Query error","text":"CREATE TABLE IF NOT EXISTS marketing_campaigns (\n      id SERIAL PRIMARY KEY,\n      name VARCHAR(300","timestamp":"2026-05-21 13:39:31"}
{"level":"info","message":"✅ Inventory schema migration complete","timestamp":"2026-05-21 13:39:31"}
{"level":"info","message":"Database connected","time":"2026-05-21T08:09:42.811Z","timestamp":"2026-05-21 13:39:42"}
{"level":"info","message":"✅ Database connection established","timestamp":"2026-05-21 13:39:42"}
{"error":"foreign key constraint \"marketing_email_templates_created_by_fkey\" cannot be implemented","level":"error","message":"Query error","text":"CREATE TABLE IF NOT EXISTS marketing_email_templates (\n      id SERIAL PRIMARY KEY,\n      name VARCH","timestamp":"2026-05-21 13:39:42"}
{"error":"foreign key constraint \"marketing_email_templates_created_by_fkey\" cannot be implemented","level":"error","message":"Query error","text":"CREATE TABLE IF NOT EXISTS marketing_email_templates (\n      id SERIAL PRIMARY KEY,\n      name VARCH","timestamp":"2026-05-21 13:39:42"}
{"level":"info","message":"Database connected","time":"2026-05-21T08:09:42.918Z","timestamp":"2026-05-21 13:39:42"}
{"level":"info","message":"✅ Database connection established","timestamp":"2026-05-21 13:39:42"}
{"error":"foreign key constraint \"marketing_whatsapp_templates_created_by_fkey\" cannot be implemented","level":"error","message":"Query error","text":"CREATE TABLE IF NOT EXISTS marketing_whatsapp_templates (\n      id SERIAL PRIMARY KEY,\n      name VA","timestamp":"2026-05-21 13:39:43"}
{"error":"foreign key constraint \"marketing_whatsapp_templates_created_by_fkey\" cannot be implemented","level":"error","message":"Query error","text":"CREATE TABLE IF NOT EXISTS marketing_whatsapp_templates (\n      id SERIAL PRIMARY KEY,\n      name VA","timestamp":"2026-05-21 13:39:43"}
{"level":"info","message":"✅ Database schema migration completed","timestamp":"2026-05-21 13:39:43"}
{"error":"relation \"marketing_email_templates\" does not exist","level":"error","message":"Query error","text":"CREATE TABLE IF NOT EXISTS marketing_campaigns (\n      id SERIAL PRIMARY KEY,\n      name VARCHAR(300","timestamp":"2026-05-21 13:39:43"}
{"level":"info","message":"✅ Inventory schema migration complete","timestamp":"2026-05-21 13:39:43"}
{"level":"info","message":"🚀 Data Recovery CRM API running on port 5001","timestamp":"2026-05-21 13:39:43"}
{"level":"info","message":"📊 Environment: development","timestamp":"2026-05-21 13:39:43"}
{"error":"relation \"marketing_campaigns\" does not exist","level":"error","message":"Query error","text":"CREATE TABLE IF NOT EXISTS marketing_campaign_recipients (\n      id SERIAL PRIMARY KEY,\n      campai","timestamp":"2026-05-21 13:39:43"}
{"error":"relation \"marketing_campaign_recipients\" does not exist","level":"error","message":"Query error","text":"CREATE INDEX IF NOT EXISTS idx_campaign_recs_campaign ON marketing_campaign_recipients(campaign_id)","timestamp":"2026-05-21 13:39:43"}
{"level":"info","message":"✅ Database schema migration completed","timestamp":"2026-05-21 13:39:43"}
{"error":"relation \"marketing_email_templates\" does not exist","level":"error","message":"Query error","text":"CREATE TABLE IF NOT EXISTS marketing_campaigns (\n      id SERIAL PRIMARY KEY,\n      name VARCHAR(300","timestamp":"2026-05-21 13:39:43"}
{"level":"info","message":"✅ Inventory schema migration complete","timestamp":"2026-05-21 13:39:43"}
{"error":"relation \"marketing_campaign_recipients\" does not exist","level":"error","message":"Query error","text":"CREATE INDEX IF NOT EXISTS idx_campaign_recs_client ON marketing_campaign_recipients(client_id)","timestamp":"2026-05-21 13:39:43"}
{"level":"info","message":"Database connected","time":"2026-05-21T08:10:51.528Z","timestamp":"2026-05-21 13:40:51"}
{"level":"info","message":"Database connected","time":"2026-05-21T08:10:51.529Z","timestamp":"2026-05-21 13:40:51"}
{"level":"info","message":"✅ Database connection established","timestamp":"2026-05-21 13:40:51"}
{"level":"info","message":"✅ Database connection established","timestamp":"2026-05-21 13:40:51"}
{"error":"deadlock detected","level":"error","message":"Failed to start server","timestamp":"2026-05-21 13:40:52"}
{"error":"foreign key constraint \"marketing_email_templates_created_by_fkey\" cannot be implemented","level":"error","message":"Query error","text":"CREATE TABLE IF NOT EXISTS marketing_email_templates (\n      id SERIAL PRIMARY KEY,\n      name VARCH","timestamp":"2026-05-21 13:40:52"}
{"error":"foreign key constraint \"marketing_whatsapp_templates_created_by_fkey\" cannot be implemented","level":"error","message":"Query error","text":"CREATE TABLE IF NOT EXISTS marketing_whatsapp_templates (\n      id SERIAL PRIMARY KEY,\n      name VA","timestamp":"2026-05-21 13:40:53"}
{"level":"info","message":"✅ Database schema migration completed","timestamp":"2026-05-21 13:40:53"}
{"error":"relation \"marketing_email_templates\" does not exist","level":"error","message":"Query error","text":"CREATE TABLE IF NOT EXISTS marketing_campaigns (\n      id SERIAL PRIMARY KEY,\n      name VARCHAR(300","timestamp":"2026-05-21 13:40:53"}
{"level":"info","message":"✅ Inventory schema migration complete","timestamp":"2026-05-21 13:40:53"}
{"level":"info","message":"🚀 Data Recovery CRM API running on port 5001","timestamp":"2026-05-21 13:40:53"}
{"level":"info","message":"📊 Environment: development","timestamp":"2026-05-21 13:40:53"}
{"error":"relation \"marketing_campaigns\" does not exist","level":"error","message":"Query error","text":"CREATE TABLE IF NOT EXISTS marketing_campaign_recipients (\n      id SERIAL PRIMARY KEY,\n      campai","timestamp":"2026-05-21 13:40:53"}
{"error":"relation \"marketing_campaign_recipients\" does not exist","level":"error","message":"Query error","text":"CREATE INDEX IF NOT EXISTS idx_campaign_recs_campaign ON marketing_campaign_recipients(campaign_id)","timestamp":"2026-05-21 13:40:53"}
{"error":"relation \"marketing_campaign_recipients\" does not exist","level":"error","message":"Query error","text":"CREATE INDEX IF NOT EXISTS idx_campaign_recs_client ON marketing_campaign_recipients(client_id)","timestamp":"2026-05-21 13:40:53"}
{"level":"info","message":"Database connected","time":"2026-05-21T08:10:54.377Z","timestamp":"2026-05-21 13:40:54"}
{"level":"info","message":"✅ Database connection established","timestamp":"2026-05-21 13:40:54"}
{"error":"foreign key constraint \"marketing_email_templates_created_by_fkey\" cannot be implemented","level":"error","message":"Query error","text":"CREATE TABLE IF NOT EXISTS marketing_email_templates (\n      id SERIAL PRIMARY KEY,\n      name VARCH","timestamp":"2026-05-21 13:40:54"}
{"level":"info","message":"Database connected","time":"2026-05-21T08:10:54.414Z","timestamp":"2026-05-21 13:40:54"}
{"level":"info","message":"✅ Database connection established","timestamp":"2026-05-21 13:40:54"}
{"error":"foreign key constraint \"marketing_email_templates_created_by_fkey\" cannot be implemented","level":"error","message":"Query error","text":"CREATE TABLE IF NOT EXISTS marketing_email_templates (\n      id SERIAL PRIMARY KEY,\n      name VARCH","timestamp":"2026-05-21 13:40:54"}
{"error":"foreign key constraint \"marketing_whatsapp_templates_created_by_fkey\" cannot be implemented","level":"error","message":"Query error","text":"CREATE TABLE IF NOT EXISTS marketing_whatsapp_templates (\n      id SERIAL PRIMARY KEY,\n      name VA","timestamp":"2026-05-21 13:40:54"}
{"error":"foreign key constraint \"marketing_whatsapp_templates_created_by_fkey\" cannot be implemented","level":"error","message":"Query error","text":"CREATE TABLE IF NOT EXISTS marketing_whatsapp_templates (\n      id SERIAL PRIMARY KEY,\n      name VA","timestamp":"2026-05-21 13:40:54"}
{"level":"info","message":"✅ Database schema migration completed","timestamp":"2026-05-21 13:40:55"}
{"error":"relation \"marketing_email_templates\" does not exist","level":"error","message":"Query error","text":"CREATE TABLE IF NOT EXISTS marketing_campaigns (\n      id SERIAL PRIMARY KEY,\n      name VARCHAR(300","timestamp":"2026-05-21 13:40:55"}
{"level":"info","message":"✅ Inventory schema migration complete","timestamp":"2026-05-21 13:40:55"}
{"level":"info","message":"🚀 Data Recovery CRM API running on port 5001","timestamp":"2026-05-21 13:40:55"}
{"level":"info","message":"📊 Environment: development","timestamp":"2026-05-21 13:40:55"}
{"level":"info","message":"✅ Database schema migration completed","timestamp":"2026-05-21 13:40:55"}
{"error":"relation \"marketing_email_templates\" does not exist","level":"error","message":"Query error","text":"CREATE TABLE IF NOT EXISTS marketing_campaigns (\n      id SERIAL PRIMARY KEY,\n      name VARCHAR(300","timestamp":"2026-05-21 13:40:55"}
{"level":"info","message":"✅ Inventory schema migration complete","timestamp":"2026-05-21 13:40:55"}
{"error":"relation \"marketing_campaigns\" does not exist","level":"error","message":"Query error","text":"CREATE TABLE IF NOT EXISTS marketing_campaign_recipients (\n      id SERIAL PRIMARY KEY,\n      campai","timestamp":"2026-05-21 13:40:55"}
{"error":"relation \"marketing_campaign_recipients\" does not exist","level":"error","message":"Query error","text":"CREATE INDEX IF NOT EXISTS idx_campaign_recs_campaign ON marketing_campaign_recipients(campaign_id)","timestamp":"2026-05-21 13:40:55"}
{"error":"relation \"marketing_campaign_recipients\" does not exist","level":"error","message":"Query error","text":"CREATE INDEX IF NOT EXISTS idx_campaign_recs_client ON marketing_campaign_recipients(client_id)","timestamp":"2026-05-21 13:40:55"}
{"error":"foreign key constraint \"marketing_email_templates_created_by_fkey\" cannot be implemented","level":"error","message":"Query error","text":"CREATE TABLE IF NOT EXISTS marketing_email_templates (\n      id SERIAL PRIMARY KEY,\n      name VARCH","timestamp":"2026-05-21 13:42:21"}
{"error":"foreign key constraint \"marketing_whatsapp_templates_created_by_fkey\" cannot be implemented","level":"error","message":"Query error","text":"CREATE TABLE IF NOT EXISTS marketing_whatsapp_templates (\n      id SERIAL PRIMARY KEY,\n      name VA","timestamp":"2026-05-21 13:42:21"}
{"level":"info","message":"Database connected","time":"2026-05-21T08:12:21.286Z","timestamp":"2026-05-21 13:42:21"}
{"level":"info","message":"✅ Database connection established","timestamp":"2026-05-21 13:42:21"}
{"error":"relation \"marketing_email_templates\" does not exist","level":"error","message":"Query error","text":"CREATE TABLE IF NOT EXISTS marketing_campaigns (\n      id SERIAL PRIMARY KEY,\n      name VARCHAR(300","timestamp":"2026-05-21 13:42:21"}
{"error":"relation \"marketing_campaigns\" does not exist","level":"error","message":"Query error","text":"CREATE TABLE IF NOT EXISTS marketing_campaign_recipients (\n      id SERIAL PRIMARY KEY,\n      campai","timestamp":"2026-05-21 13:42:21"}
{"level":"info","message":"✅ Database schema migration completed","timestamp":"2026-05-21 13:42:22"}
{"error":"relation \"marketing_campaign_recipients\" does not exist","level":"error","message":"Query error","text":"CREATE INDEX IF NOT EXISTS idx_campaign_recs_campaign ON marketing_campaign_recipients(campaign_id)","timestamp":"2026-05-21 13:42:22"}
{"level":"info","message":"✅ Inventory schema migration complete","timestamp":"2026-05-21 13:42:22"}
{"error":"column \"tenant_id\" does not exist","level":"error","message":"Query error","text":"SELECT id, username, email, full_name, role, tenant_id, is_active, specializations FROM users WHERE ","timestamp":"2026-05-21 13:42:28"}
{"error":"invalid input syntax for type integer: \"15d8cae8-d1b2-4961-b15d-6bbf4fcde34a\"","level":"error","message":"Query error","text":"SELECT COUNT(*) FROM inventory_items WHERE tenant_id=$1","timestamp":"2026-05-21 13:42:28"}
{"error":"column \"tenant_id\" does not exist","level":"error","message":"Query error","text":"SELECT id, username, email, full_name, role, tenant_id, is_active, specializations FROM users WHERE ","timestamp":"2026-05-21 13:42:45"}
{"error":"invalid input syntax for type integer: \"15d8cae8-d1b2-4961-b15d-6bbf4fcde34a\"","level":"error","message":"Query error","text":"SELECT COUNT(*) FROM inventory_items WHERE tenant_id=$1","timestamp":"2026-05-21 13:42:45"}
{"error":"column \"tenant_id\" does not exist","level":"error","message":"Query error","text":"SELECT id, username, email, full_name, role, tenant_id, is_active, specializations FROM users WHERE ","timestamp":"2026-05-21 13:43:05"}
{"error":"invalid input syntax for type integer: \"15d8cae8-d1b2-4961-b15d-6bbf4fcde34a\"","level":"error","message":"Query error","text":"SELECT COUNT(*) FROM inventory_items WHERE tenant_id=$1","timestamp":"2026-05-21 13:43:05"}
{"error":"column \"tenant_id\" does not exist","level":"error","message":"Query error","text":"SELECT id, username, email, full_name, role, tenant_id, is_active, specializations FROM users WHERE ","timestamp":"2026-05-21 13:44:30"}
{"error":"invalid input syntax for type integer: \"15d8cae8-d1b2-4961-b15d-6bbf4fcde34a\"","level":"error","message":"Query error","text":"SELECT COUNT(*) FROM inventory_items WHERE tenant_id=$1","timestamp":"2026-05-21 13:44:30"}
{"level":"info","message":"Database connected","time":"2026-05-21T08:15:59.627Z","timestamp":"2026-05-21 13:45:59"}
{"level":"info","message":"✅ Database connection established","timestamp":"2026-05-21 13:45:59"}
{"level":"info","message":"Database connected","time":"2026-05-21T08:15:59.646Z","timestamp":"2026-05-21 13:45:59"}
{"level":"info","message":"✅ Database connection established","timestamp":"2026-05-21 13:45:59"}
{"error":"foreign key constraint \"marketing_email_templates_created_by_fkey\" cannot be implemented","level":"error","message":"Query error","text":"CREATE TABLE IF NOT EXISTS marketing_email_templates (\n      id SERIAL PRIMARY KEY,\n      name VARCH","timestamp":"2026-05-21 13:45:59"}
{"error":"foreign key constraint \"marketing_email_templates_created_by_fkey\" cannot be implemented","level":"error","message":"Query error","text":"CREATE TABLE IF NOT EXISTS marketing_email_templates (\n      id SERIAL PRIMARY KEY,\n      name VARCH","timestamp":"2026-05-21 13:46:00"}
{"error":"foreign key constraint \"marketing_whatsapp_templates_created_by_fkey\" cannot be implemented","level":"error","message":"Query error","text":"CREATE TABLE IF NOT EXISTS marketing_whatsapp_templates (\n      id SERIAL PRIMARY KEY,\n      name VA","timestamp":"2026-05-21 13:46:00"}
{"level":"info","message":"✅ Database schema migration completed","timestamp":"2026-05-21 13:46:00"}
{"level":"info","message":"✅ Database schema migration completed","timestamp":"2026-05-21 13:46:00"}
{"level":"info","message":"✅ Inventory schema migration complete","timestamp":"2026-05-21 13:46:00"}
{"level":"info","message":"✅ Inventory schema migration complete","timestamp":"2026-05-21 13:46:00"}
{"level":"info","message":"🚀 Data Recovery CRM API running on port 5001","timestamp":"2026-05-21 13:46:00"}
{"level":"info","message":"📊 Environment: development","timestamp":"2026-05-21 13:46:00"}
{"error":"relation \"marketing_email_templates\" does not exist","level":"error","message":"Query error","text":"CREATE TABLE IF NOT EXISTS marketing_campaigns (\n      id SERIAL PRIMARY KEY,\n      name VARCHAR(300","timestamp":"2026-05-21 13:46:00"}
{"error":"relation \"marketing_campaigns\" does not exist","level":"error","message":"Query error","text":"CREATE TABLE IF NOT EXISTS marketing_campaign_recipients (\n      id SERIAL PRIMARY KEY,\n      campai","timestamp":"2026-05-21 13:46:00"}
{"error":"relation \"marketing_campaign_recipients\" does not exist","level":"error","message":"Query error","text":"CREATE INDEX IF NOT EXISTS idx_campaign_recs_campaign ON marketing_campaign_recipients(campaign_id)","timestamp":"2026-05-21 13:46:00"}
{"error":"relation \"marketing_campaign_recipients\" does not exist","level":"error","message":"Query error","text":"CREATE INDEX IF NOT EXISTS idx_campaign_recs_client ON marketing_campaign_recipients(client_id)","timestamp":"2026-05-21 13:46:00"}
{"level":"info","message":"Database connected","time":"2026-05-21T08:16:09.177Z","timestamp":"2026-05-21 13:46:09"}
{"level":"info","message":"✅ Database connection established","timestamp":"2026-05-21 13:46:09"}
{"error":"foreign key constraint \"marketing_email_templates_created_by_fkey\" cannot be implemented","level":"error","message":"Query error","text":"CREATE TABLE IF NOT EXISTS marketing_email_templates (\n      id SERIAL PRIMARY KEY,\n      name VARCH","timestamp":"2026-05-21 13:46:09"}
{"level":"info","message":"Database connected","time":"2026-05-21T08:16:09.336Z","timestamp":"2026-05-21 13:46:09"}
{"level":"info","message":"✅ Database connection established","timestamp":"2026-05-21 13:46:09"}
{"error":"foreign key constraint \"marketing_email_templates_created_by_fkey\" cannot be implemented","level":"error","message":"Query error","text":"CREATE TABLE IF NOT EXISTS marketing_email_templates (\n      id SERIAL PRIMARY KEY,\n      name VARCH","timestamp":"2026-05-21 13:46:09"}
{"error":"foreign key constraint \"marketing_whatsapp_templates_created_by_fkey\" cannot be implemented","level":"error","message":"Query error","text":"CREATE TABLE IF NOT EXISTS marketing_whatsapp_templates (\n      id SERIAL PRIMARY KEY,\n      name VA","timestamp":"2026-05-21 13:46:09"}
{"error":"foreign key constraint \"marketing_whatsapp_templates_created_by_fkey\" cannot be implemented","level":"error","message":"Query error","text":"CREATE TABLE IF NOT EXISTS marketing_whatsapp_templates (\n      id SERIAL PRIMARY KEY,\n      name VA","timestamp":"2026-05-21 13:46:09"}
{"level":"info","message":"✅ Database schema migration completed","timestamp":"2026-05-21 13:46:10"}
{"error":"relation \"marketing_email_templates\" does not exist","level":"error","message":"Query error","text":"CREATE TABLE IF NOT EXISTS marketing_campaigns (\n      id SERIAL PRIMARY KEY,\n      name VARCHAR(300","timestamp":"2026-05-21 13:46:10"}
{"level":"info","message":"✅ Inventory schema migration complete","timestamp":"2026-05-21 13:46:10"}
{"level":"info","message":"🚀 Data Recovery CRM API running on port 5001","timestamp":"2026-05-21 13:46:10"}
{"level":"info","message":"📊 Environment: development","timestamp":"2026-05-21 13:46:10"}
{"error":"relation \"marketing_campaigns\" does not exist","level":"error","message":"Query error","text":"CREATE TABLE IF NOT EXISTS marketing_campaign_recipients (\n      id SERIAL PRIMARY KEY,\n      campai","timestamp":"2026-05-21 13:46:10"}
{"error":"relation \"marketing_campaign_recipients\" does not exist","level":"error","message":"Query error","text":"CREATE INDEX IF NOT EXISTS idx_campaign_recs_campaign ON marketing_campaign_recipients(campaign_id)","timestamp":"2026-05-21 13:46:10"}
{"error":"relation \"marketing_campaign_recipients\" does not exist","level":"error","message":"Query error","text":"CREATE INDEX IF NOT EXISTS idx_campaign_recs_client ON marketing_campaign_recipients(client_id)","timestamp":"2026-05-21 13:46:10"}
{"level":"info","message":"✅ Database schema migration completed","timestamp":"2026-05-21 13:46:10"}
{"error":"relation \"marketing_email_templates\" does not exist","level":"error","message":"Query error","text":"CREATE TABLE IF NOT EXISTS marketing_campaigns (\n      id SERIAL PRIMARY KEY,\n      name VARCHAR(300","timestamp":"2026-05-21 13:46:10"}
{"level":"info","message":"✅ Inventory schema migration complete","timestamp":"2026-05-21 13:46:10"}
{"error":"foreign key constraint \"marketing_email_templates_created_by_fkey\" cannot be implemented","level":"error","message":"Query error","text":"CREATE TABLE IF NOT EXISTS marketing_email_templates (\n      id SERIAL PRIMARY KEY,\n      name VARCH","timestamp":"2026-05-21 13:46:19"}
{"level":"info","message":"Database connected","time":"2026-05-21T08:16:19.267Z","timestamp":"2026-05-21 13:46:19"}
{"level":"info","message":"✅ Database connection established","timestamp":"2026-05-21 13:46:19"}
{"error":"foreign key constraint \"marketing_whatsapp_templates_created_by_fkey\" cannot be implemented","level":"error","message":"Query error","text":"CREATE TABLE IF NOT EXISTS marketing_whatsapp_templates (\n      id SERIAL PRIMARY KEY,\n      name VA","timestamp":"2026-05-21 13:46:19"}
{"error":"relation \"marketing_email_templates\" does not exist","level":"error","message":"Query error","text":"CREATE TABLE IF NOT EXISTS marketing_campaigns (\n      id SERIAL PRIMARY KEY,\n      name VARCHAR(300","timestamp":"2026-05-21 13:46:19"}
{"level":"info","message":"Database connected","time":"2026-05-21T08:16:19.355Z","timestamp":"2026-05-21 13:46:19"}
{"level":"info","message":"✅ Database connection established","timestamp":"2026-05-21 13:46:19"}
{"error":"relation \"marketing_campaigns\" does not exist","level":"error","message":"Query error","text":"CREATE TABLE IF NOT EXISTS marketing_campaign_recipients (\n      id SERIAL PRIMARY KEY,\n      campai","timestamp":"2026-05-21 13:46:19"}
{"error":"foreign key constraint \"marketing_email_templates_created_by_fkey\" cannot be implemented","level":"error","message":"Query error","text":"CREATE TABLE IF NOT EXISTS marketing_email_templates (\n      id SERIAL PRIMARY KEY,\n      name VARCH","timestamp":"2026-05-21 13:46:19"}
{"level":"info","message":"✅ Database schema migration completed","timestamp":"2026-05-21 13:46:20"}
{"error":"foreign key constraint \"marketing_whatsapp_templates_created_by_fkey\" cannot be implemented","level":"error","message":"Query error","text":"CREATE TABLE IF NOT EXISTS marketing_whatsapp_templates (\n      id SERIAL PRIMARY KEY,\n      name VA","timestamp":"2026-05-21 13:46:20"}
{"level":"info","message":"✅ Inventory schema migration complete","timestamp":"2026-05-21 13:46:20"}
{"level":"info","message":"🚀 Data Recovery CRM API running on port 5001","timestamp":"2026-05-21 13:46:20"}
{"level":"info","message":"📊 Environment: development","timestamp":"2026-05-21 13:46:20"}
{"error":"relation \"marketing_email_templates\" does not exist","level":"error","message":"Query error","text":"CREATE TABLE IF NOT EXISTS marketing_campaigns (\n      id SERIAL PRIMARY KEY,\n      name VARCHAR(300","timestamp":"2026-05-21 13:46:20"}
{"error":"relation \"marketing_campaigns\" does not exist","level":"error","message":"Query error","text":"CREATE TABLE IF NOT EXISTS marketing_campaign_recipients (\n      id SERIAL PRIMARY KEY,\n      campai","timestamp":"2026-05-21 13:46:20"}
{"level":"info","message":"✅ Database schema migration completed","timestamp":"2026-05-21 13:46:20"}
{"error":"relation \"marketing_campaign_recipients\" does not exist","level":"error","message":"Query error","text":"CREATE INDEX IF NOT EXISTS idx_campaign_recs_campaign ON marketing_campaign_recipients(campaign_id)","timestamp":"2026-05-21 13:46:20"}
{"error":"relation \"marketing_campaign_recipients\" does not exist","level":"error","message":"Query error","text":"CREATE INDEX IF NOT EXISTS idx_campaign_recs_campaign ON marketing_campaign_recipients(campaign_id)","timestamp":"2026-05-21 13:46:20"}
{"level":"info","message":"✅ Inventory schema migration complete","timestamp":"2026-05-21 13:46:20"}
{"error":"relation \"marketing_campaign_recipients\" does not exist","level":"error","message":"Query error","text":"CREATE INDEX IF NOT EXISTS idx_campaign_recs_client ON marketing_campaign_recipients(client_id)","timestamp":"2026-05-21 13:46:20"}
{"level":"info","message":"Database connected","time":"2026-05-21T08:16:26.139Z","timestamp":"2026-05-21 13:46:26"}
{"level":"info","message":"✅ Database connection established","timestamp":"2026-05-21 13:46:26"}
{"error":"foreign key constraint \"marketing_email_templates_created_by_fkey\" cannot be implemented","level":"error","message":"Query error","text":"CREATE TABLE IF NOT EXISTS marketing_email_templates (\n      id SERIAL PRIMARY KEY,\n      name VARCH","timestamp":"2026-05-21 13:46:26"}
{"level":"info","message":"Database connected","time":"2026-05-21T08:16:26.325Z","timestamp":"2026-05-21 13:46:26"}
{"level":"info","message":"✅ Database connection established","timestamp":"2026-05-21 13:46:26"}
{"error":"foreign key constraint \"marketing_email_templates_created_by_fkey\" cannot be implemented","level":"error","message":"Query error","text":"CREATE TABLE IF NOT EXISTS marketing_email_templates (\n      id SERIAL PRIMARY KEY,\n      name VARCH","timestamp":"2026-05-21 13:46:26"}
{"error":"foreign key constraint \"marketing_whatsapp_templates_created_by_fkey\" cannot be implemented","level":"error","message":"Query error","text":"CREATE TABLE IF NOT EXISTS marketing_whatsapp_templates (\n      id SERIAL PRIMARY KEY,\n      name VA","timestamp":"2026-05-21 13:46:26"}
{"error":"foreign key constraint \"marketing_whatsapp_templates_created_by_fkey\" cannot be implemented","level":"error","message":"Query error","text":"CREATE TABLE IF NOT EXISTS marketing_whatsapp_templates (\n      id SERIAL PRIMARY KEY,\n      name VA","timestamp":"2026-05-21 13:46:26"}
{"level":"info","message":"✅ Database schema migration completed","timestamp":"2026-05-21 13:46:27"}
{"error":"relation \"marketing_email_templates\" does not exist","level":"error","message":"Query error","text":"CREATE TABLE IF NOT EXISTS marketing_campaigns (\n      id SERIAL PRIMARY KEY,\n      name VARCHAR(300","timestamp":"2026-05-21 13:46:27"}
{"level":"info","message":"✅ Inventory schema migration complete","timestamp":"2026-05-21 13:46:27"}
{"level":"info","message":"🚀 Data Recovery CRM API running on port 5001","timestamp":"2026-05-21 13:46:27"}
{"level":"info","message":"📊 Environment: development","timestamp":"2026-05-21 13:46:27"}
{"error":"relation \"marketing_campaigns\" does not exist","level":"error","message":"Query error","text":"CREATE TABLE IF NOT EXISTS marketing_campaign_recipients (\n      id SERIAL PRIMARY KEY,\n      campai","timestamp":"2026-05-21 13:46:27"}
{"error":"relation \"marketing_campaign_recipients\" does not exist","level":"error","message":"Query error","text":"CREATE INDEX IF NOT EXISTS idx_campaign_recs_campaign ON marketing_campaign_recipients(campaign_id)","timestamp":"2026-05-21 13:46:27"}
{"level":"info","message":"✅ Database schema migration completed","timestamp":"2026-05-21 13:46:27"}
{"error":"relation \"marketing_campaign_recipients\" does not exist","level":"error","message":"Query error","text":"CREATE INDEX IF NOT EXISTS idx_campaign_recs_client ON marketing_campaign_recipients(client_id)","timestamp":"2026-05-21 13:46:27"}
{"error":"relation \"marketing_email_templates\" does not exist","level":"error","message":"Query error","text":"CREATE TABLE IF NOT EXISTS marketing_campaigns (\n      id SERIAL PRIMARY KEY,\n      name VARCHAR(300","timestamp":"2026-05-21 13:46:27"}
{"level":"info","message":"✅ Inventory schema migration complete","timestamp":"2026-05-21 13:46:27"}
{"level":"info","message":"Database connected","time":"2026-05-21T08:16:36.809Z","timestamp":"2026-05-21 13:46:36"}
{"level":"info","message":"✅ Database connection established","timestamp":"2026-05-21 13:46:36"}
{"error":"foreign key constraint \"marketing_email_templates_created_by_fkey\" cannot be implemented","level":"error","message":"Query error","text":"CREATE TABLE IF NOT EXISTS marketing_email_templates (\n      id SERIAL PRIMARY KEY,\n      name VARCH","timestamp":"2026-05-21 13:46:36"}
{"error":"foreign key constraint \"marketing_email_templates_created_by_fkey\" cannot be implemented","level":"error","message":"Query error","text":"CREATE TABLE IF NOT EXISTS marketing_email_templates (\n      id SERIAL PRIMARY KEY,\n      name VARCH","timestamp":"2026-05-21 13:46:36"}
{"error":"foreign key constraint \"marketing_whatsapp_templates_created_by_fkey\" cannot be implemented","level":"error","message":"Query error","text":"CREATE TABLE IF NOT EXISTS marketing_whatsapp_templates (\n      id SERIAL PRIMARY KEY,\n      name VA","timestamp":"2026-05-21 13:46:37"}
{"level":"info","message":"Database connected","time":"2026-05-21T08:16:37.069Z","timestamp":"2026-05-21 13:46:37"}
{"level":"info","message":"✅ Database connection established","timestamp":"2026-05-21 13:46:37"}
{"error":"relation \"marketing_email_templates\" does not exist","level":"error","message":"Query error","text":"CREATE TABLE IF NOT EXISTS marketing_campaigns (\n      id SERIAL PRIMARY KEY,\n      name VARCHAR(300","timestamp":"2026-05-21 13:46:37"}
{"error":"foreign key constraint \"marketing_whatsapp_templates_created_by_fkey\" cannot be implemented","level":"error","message":"Query error","text":"CREATE TABLE IF NOT EXISTS marketing_whatsapp_templates (\n      id SERIAL PRIMARY KEY,\n      name VA","timestamp":"2026-05-21 13:46:37"}
{"error":"relation \"marketing_campaigns\" does not exist","level":"error","message":"Query error","text":"CREATE TABLE IF NOT EXISTS marketing_campaign_recipients (\n      id SERIAL PRIMARY KEY,\n      campai","timestamp":"2026-05-21 13:46:37"}
{"level":"info","message":"Database connected","time":"2026-05-21T08:16:38.361Z","timestamp":"2026-05-21 13:46:38"}
{"level":"info","message":"✅ Database connection established","timestamp":"2026-05-21 13:46:38"}
{"error":"foreign key constraint \"marketing_email_templates_created_by_fkey\" cannot be implemented","level":"error","message":"Query error","text":"CREATE TABLE IF NOT EXISTS marketing_email_templates (\n      id SERIAL PRIMARY KEY,\n      name VARCH","timestamp":"2026-05-21 13:46:38"}
{"level":"info","message":"Database connected","time":"2026-05-21T08:16:38.372Z","timestamp":"2026-05-21 13:46:38"}
{"level":"info","message":"✅ Database connection established","timestamp":"2026-05-21 13:46:38"}
{"error":"foreign key constraint \"marketing_email_templates_created_by_fkey\" cannot be implemented","level":"error","message":"Query error","text":"CREATE TABLE IF NOT EXISTS marketing_email_templates (\n      id SERIAL PRIMARY KEY,\n      name VARCH","timestamp":"2026-05-21 13:46:38"}
{"error":"foreign key constraint \"marketing_whatsapp_templates_created_by_fkey\" cannot be implemented","level":"error","message":"Query error","text":"CREATE TABLE IF NOT EXISTS marketing_whatsapp_templates (\n      id SERIAL PRIMARY KEY,\n      name VA","timestamp":"2026-05-21 13:46:38"}
{"error":"foreign key constraint \"marketing_whatsapp_templates_created_by_fkey\" cannot be implemented","level":"error","message":"Query error","text":"CREATE TABLE IF NOT EXISTS marketing_whatsapp_templates (\n      id SERIAL PRIMARY KEY,\n      name VA","timestamp":"2026-05-21 13:46:38"}
{"level":"info","message":"Database connected","time":"2026-05-21T08:16:39.857Z","timestamp":"2026-05-21 13:46:39"}
{"level":"info","message":"Database connected","time":"2026-05-21T08:16:39.861Z","timestamp":"2026-05-21 13:46:39"}
{"level":"info","message":"✅ Database connection established","timestamp":"2026-05-21 13:46:39"}
{"level":"info","message":"✅ Database connection established","timestamp":"2026-05-21 13:46:39"}
{"error":"foreign key constraint \"marketing_email_templates_created_by_fkey\" cannot be implemented","level":"error","message":"Query error","text":"CREATE TABLE IF NOT EXISTS marketing_email_templates (\n      id SERIAL PRIMARY KEY,\n      name VARCH","timestamp":"2026-05-21 13:46:39"}
{"error":"foreign key constraint \"marketing_email_templates_created_by_fkey\" cannot be implemented","level":"error","message":"Query error","text":"CREATE TABLE IF NOT EXISTS marketing_email_templates (\n      id SERIAL PRIMARY KEY,\n      name VARCH","timestamp":"2026-05-21 13:46:39"}
{"error":"deadlock detected","level":"error","message":"Failed to start server","timestamp":"2026-05-21 13:46:40"}
{"error":"foreign key constraint \"marketing_whatsapp_templates_created_by_fkey\" cannot be implemented","level":"error","message":"Query error","text":"CREATE TABLE IF NOT EXISTS marketing_whatsapp_templates (\n      id SERIAL PRIMARY KEY,\n      name VA","timestamp":"2026-05-21 13:46:40"}
{"error":"relation \"marketing_email_templates\" does not exist","level":"error","message":"Query error","text":"CREATE TABLE IF NOT EXISTS marketing_campaigns (\n      id SERIAL PRIMARY KEY,\n      name VARCHAR(300","timestamp":"2026-05-21 13:46:41"}
{"level":"info","message":"✅ Database schema migration completed","timestamp":"2026-05-21 13:46:42"}
{"error":"relation \"marketing_campaigns\" does not exist","level":"error","message":"Query error","text":"CREATE TABLE IF NOT EXISTS marketing_campaign_recipients (\n      id SERIAL PRIMARY KEY,\n      campai","timestamp":"2026-05-21 13:46:42"}
{"level":"info","message":"✅ Inventory schema migration complete","timestamp":"2026-05-21 13:46:42"}
{"level":"info","message":"🚀 Data Recovery CRM API running on port 5001","timestamp":"2026-05-21 13:46:42"}
{"level":"info","message":"📊 Environment: development","timestamp":"2026-05-21 13:46:42"}
{"error":"relation \"marketing_campaign_recipients\" does not exist","level":"error","message":"Query error","text":"CREATE INDEX IF NOT EXISTS idx_campaign_recs_campaign ON marketing_campaign_recipients(campaign_id)","timestamp":"2026-05-21 13:46:42"}
{"error":"relation \"marketing_campaign_recipients\" does not exist","level":"error","message":"Query error","text":"CREATE INDEX IF NOT EXISTS idx_campaign_recs_client ON marketing_campaign_recipients(client_id)","timestamp":"2026-05-21 13:46:42"}
{"level":"info","message":"Database connected","time":"2026-05-21T08:17:03.440Z","timestamp":"2026-05-21 13:47:03"}
{"level":"info","message":"✅ Database connection established","timestamp":"2026-05-21 13:47:03"}
{"error":"foreign key constraint \"marketing_email_templates_created_by_fkey\" cannot be implemented","level":"error","message":"Query error","text":"CREATE TABLE IF NOT EXISTS marketing_email_templates (\n      id SERIAL PRIMARY KEY,\n      name VARCH","timestamp":"2026-05-21 13:47:03"}
{"error":"foreign key constraint \"marketing_whatsapp_templates_created_by_fkey\" cannot be implemented","level":"error","message":"Query error","text":"CREATE TABLE IF NOT EXISTS marketing_whatsapp_templates (\n      id SERIAL PRIMARY KEY,\n      name VA","timestamp":"2026-05-21 13:47:03"}
{"level":"info","message":"✅ Database schema migration completed","timestamp":"2026-05-21 13:47:04"}
{"error":"relation \"marketing_email_templates\" does not exist","level":"error","message":"Query error","text":"CREATE TABLE IF NOT EXISTS marketing_campaigns (\n      id SERIAL PRIMARY KEY,\n      name VARCHAR(300","timestamp":"2026-05-21 13:47:04"}
{"level":"info","message":"✅ Inventory schema migration complete","timestamp":"2026-05-21 13:47:04"}
{"level":"info","message":"Database connected","time":"2026-05-21T08:17:34.287Z","timestamp":"2026-05-21 13:47:34"}
{"level":"info","message":"✅ Database connection established","timestamp":"2026-05-21 13:47:34"}
{"error":"foreign key constraint \"marketing_email_templates_created_by_fkey\" cannot be implemented","level":"error","message":"Query error","text":"CREATE TABLE IF NOT EXISTS marketing_email_templates (\n      id SERIAL PRIMARY KEY,\n      name VARCH","timestamp":"2026-05-21 13:47:34"}
{"level":"info","message":"✅ Database schema migration completed","timestamp":"2026-05-21 13:47:35"}
{"error":"foreign key constraint \"marketing_whatsapp_templates_created_by_fkey\" cannot be implemented","level":"error","message":"Query error","text":"CREATE TABLE IF NOT EXISTS marketing_whatsapp_templates (\n      id SERIAL PRIMARY KEY,\n      name VA","timestamp":"2026-05-21 13:47:35"}
{"level":"info","message":"✅ Inventory schema migration complete","timestamp":"2026-05-21 13:47:35"}
{"level":"info","message":"Database connected","time":"2026-05-21T08:18:54.843Z","timestamp":"2026-05-21 13:48:54"}
{"level":"info","message":"✅ Database connection established","timestamp":"2026-05-21 13:48:54"}
{"error":"foreign key constraint \"marketing_email_templates_created_by_fkey\" cannot be implemented","level":"error","message":"Query error","text":"CREATE TABLE IF NOT EXISTS marketing_email_templates (\n      id SERIAL PRIMARY KEY,\n      name VARCH","timestamp":"2026-05-21 13:48:54"}
{"error":"foreign key constraint \"marketing_whatsapp_templates_created_by_fkey\" cannot be implemented","level":"error","message":"Query error","text":"CREATE TABLE IF NOT EXISTS marketing_whatsapp_templates (\n      id SERIAL PRIMARY KEY,\n      name VA","timestamp":"2026-05-21 13:48:55"}
{"level":"info","message":"✅ Database schema migration completed","timestamp":"2026-05-21 13:48:55"}
{"error":"relation \"marketing_email_templates\" does not exist","level":"error","message":"Query error","text":"CREATE TABLE IF NOT EXISTS marketing_campaigns (\n      id SERIAL PRIMARY KEY,\n      name VARCHAR(300","timestamp":"2026-05-21 13:48:55"}
{"level":"info","message":"✅ Inventory schema migration complete","timestamp":"2026-05-21 13:48:55"}
{"level":"info","message":"🚀 Data Recovery CRM API running on port 5001","timestamp":"2026-05-21 13:48:55"}
{"level":"info","message":"📊 Environment: development","timestamp":"2026-05-21 13:48:55"}
{"error":"relation \"marketing_campaigns\" does not exist","level":"error","message":"Query error","text":"CREATE TABLE IF NOT EXISTS marketing_campaign_recipients (\n      id SERIAL PRIMARY KEY,\n      campai","timestamp":"2026-05-21 13:48:55"}
{"error":"relation \"marketing_campaign_recipients\" does not exist","level":"error","message":"Query error","text":"CREATE INDEX IF NOT EXISTS idx_campaign_recs_campaign ON marketing_campaign_recipients(campaign_id)","timestamp":"2026-05-21 13:48:55"}
{"error":"relation \"marketing_campaign_recipients\" does not exist","level":"error","message":"Query error","text":"CREATE INDEX IF NOT EXISTS idx_campaign_recs_client ON marketing_campaign_recipients(client_id)","timestamp":"2026-05-21 13:48:55"}
{"level":"info","message":"Database connected","time":"2026-05-21T08:19:13.087Z","timestamp":"2026-05-21 13:49:13"}
{"level":"info","message":"✅ Database connection established","timestamp":"2026-05-21 13:49:13"}
{"error":"foreign key constraint \"marketing_email_templates_created_by_fkey\" cannot be implemented","level":"error","message":"Query error","text":"CREATE TABLE IF NOT EXISTS marketing_email_templates (\n      id SERIAL PRIMARY KEY,\n      name VARCH","timestamp":"2026-05-21 13:49:13"}
{"error":"foreign key constraint \"marketing_whatsapp_templates_created_by_fkey\" cannot be implemented","level":"error","message":"Query error","text":"CREATE TABLE IF NOT EXISTS marketing_whatsapp_templates (\n      id SERIAL PRIMARY KEY,\n      name VA","timestamp":"2026-05-21 13:49:13"}
{"level":"info","message":"✅ Database schema migration completed","timestamp":"2026-05-21 13:49:13"}
{"error":"relation \"marketing_email_templates\" does not exist","level":"error","message":"Query error","text":"CREATE TABLE IF NOT EXISTS marketing_campaigns (\n      id SERIAL PRIMARY KEY,\n      name VARCHAR(300","timestamp":"2026-05-21 13:49:13"}
{"level":"info","message":"✅ Inventory schema migration complete","timestamp":"2026-05-21 13:49:13"}
{"level":"info","message":"🚀 Data Recovery CRM API running on port 5001","timestamp":"2026-05-21 13:49:13"}
{"level":"info","message":"📊 Environment: development","timestamp":"2026-05-21 13:49:13"}
{"error":"relation \"marketing_campaigns\" does not exist","level":"error","message":"Query error","text":"CREATE TABLE IF NOT EXISTS marketing_campaign_recipients (\n      id SERIAL PRIMARY KEY,\n      campai","timestamp":"2026-05-21 13:49:14"}
{"error":"relation \"marketing_campaign_recipients\" does not exist","level":"error","message":"Query error","text":"CREATE INDEX IF NOT EXISTS idx_campaign_recs_campaign ON marketing_campaign_recipients(campaign_id)","timestamp":"2026-05-21 13:49:14"}
{"error":"relation \"marketing_campaign_recipients\" does not exist","level":"error","message":"Query error","text":"CREATE INDEX IF NOT EXISTS idx_campaign_recs_client ON marketing_campaign_recipients(client_id)","timestamp":"2026-05-21 13:49:14"}
{"level":"info","message":"Database connected","time":"2026-05-21T08:19:16.980Z","timestamp":"2026-05-21 13:49:16"}
{"level":"info","message":"✅ Database connection established","timestamp":"2026-05-21 13:49:16"}
{"error":"foreign key constraint \"marketing_email_templates_created_by_fkey\" cannot be implemented","level":"error","message":"Query error","text":"CREATE TABLE IF NOT EXISTS marketing_email_templates (\n      id SERIAL PRIMARY KEY,\n      name VARCH","timestamp":"2026-05-21 13:49:16"}
{"error":"foreign key constraint \"marketing_whatsapp_templates_created_by_fkey\" cannot be implemented","level":"error","message":"Query error","text":"CREATE TABLE IF NOT EXISTS marketing_whatsapp_templates (\n      id SERIAL PRIMARY KEY,\n      name VA","timestamp":"2026-05-21 13:49:17"}
{"level":"info","message":"✅ Database schema migration completed","timestamp":"2026-05-21 13:49:17"}
{"error":"relation \"marketing_email_templates\" does not exist","level":"error","message":"Query error","text":"CREATE TABLE IF NOT EXISTS marketing_campaigns (\n      id SERIAL PRIMARY KEY,\n      name VARCHAR(300","timestamp":"2026-05-21 13:49:17"}
{"level":"info","message":"✅ Inventory schema migration complete","timestamp":"2026-05-21 13:49:17"}
{"level":"info","message":"🚀 Data Recovery CRM API running on port 5001","timestamp":"2026-05-21 13:49:17"}
{"level":"info","message":"📊 Environment: development","timestamp":"2026-05-21 13:49:17"}
{"error":"relation \"marketing_campaigns\" does not exist","level":"error","message":"Query error","text":"CREATE TABLE IF NOT EXISTS marketing_campaign_recipients (\n      id SERIAL PRIMARY KEY,\n      campai","timestamp":"2026-05-21 13:49:17"}
{"error":"relation \"marketing_campaign_recipients\" does not exist","level":"error","message":"Query error","text":"CREATE INDEX IF NOT EXISTS idx_campaign_recs_campaign ON marketing_campaign_recipients(campaign_id)","timestamp":"2026-05-21 13:49:17"}
{"error":"relation \"marketing_campaign_recipients\" does not exist","level":"error","message":"Query error","text":"CREATE INDEX IF NOT EXISTS idx_campaign_recs_client ON marketing_campaign_recipients(client_id)","timestamp":"2026-05-21 13:49:17"}
{"level":"info","message":"Database connected","time":"2026-05-21T08:19:43.059Z","timestamp":"2026-05-21 13:49:43"}
{"level":"info","message":"✅ Database connection established","timestamp":"2026-05-21 13:49:43"}
{"error":"foreign key constraint \"marketing_email_templates_created_by_fkey\" cannot be implemented","level":"error","message":"Query error","text":"CREATE TABLE IF NOT EXISTS marketing_email_templates (\n      id SERIAL PRIMARY KEY,\n      name VARCH","timestamp":"2026-05-21 13:49:43"}
{"error":"foreign key constraint \"marketing_whatsapp_templates_created_by_fkey\" cannot be implemented","level":"error","message":"Query error","text":"CREATE TABLE IF NOT EXISTS marketing_whatsapp_templates (\n      id SERIAL PRIMARY KEY,\n      name VA","timestamp":"2026-05-21 13:49:43"}
{"level":"info","message":"✅ Database schema migration completed","timestamp":"2026-05-21 13:49:43"}
{"error":"relation \"marketing_email_templates\" does not exist","level":"error","message":"Query error","text":"CREATE TABLE IF NOT EXISTS marketing_campaigns (\n      id SERIAL PRIMARY KEY,\n      name VARCHAR(300","timestamp":"2026-05-21 13:49:43"}
{"level":"info","message":"✅ Inventory schema migration complete","timestamp":"2026-05-21 13:49:43"}
{"level":"info","message":"🚀 Data Recovery CRM API running on port 5001","timestamp":"2026-05-21 13:49:43"}
{"level":"info","message":"📊 Environment: development","timestamp":"2026-05-21 13:49:43"}
{"error":"relation \"marketing_campaigns\" does not exist","level":"error","message":"Query error","text":"CREATE TABLE IF NOT EXISTS marketing_campaign_recipients (\n      id SERIAL PRIMARY KEY,\n      campai","timestamp":"2026-05-21 13:49:43"}
{"error":"relation \"marketing_campaign_recipients\" does not exist","level":"error","message":"Query error","text":"CREATE INDEX IF NOT EXISTS idx_campaign_recs_campaign ON marketing_campaign_recipients(campaign_id)","timestamp":"2026-05-21 13:49:43"}
{"error":"relation \"marketing_campaign_recipients\" does not exist","level":"error","message":"Query error","text":"CREATE INDEX IF NOT EXISTS idx_campaign_recs_client ON marketing_campaign_recipients(client_id)","timestamp":"2026-05-21 13:49:44"}
{"error":"column \"tenant_id\" does not exist","level":"error","message":"Query error","text":"SELECT id, username, email, full_name, role, tenant_id, is_active, specializations FROM users WHERE ","timestamp":"2026-05-21 13:50:01"}
{"error":"column \"tenant_id\" does not exist","level":"error","message":"Query error","text":"SELECT id, username, email, full_name, role, tenant_id, is_active, specializations,\n              av","timestamp":"2026-05-21 13:50:01"}
{"error":"column \"tenant_id\" does not exist","level":"error","message":"Query error","text":"SELECT id, username, email, full_name, role, tenant_id, is_active, specializations FROM users WHERE ","timestamp":"2026-05-21 13:50:01"}
{"error":"column \"tenant_id\" does not exist","level":"error","message":"Query error","text":"SELECT id, username, email, full_name, role, tenant_id, is_active, specializations,\n              av","timestamp":"2026-05-21 13:50:02"}
{"error":"column \"tenant_id\" does not exist","level":"error","message":"Query error","text":"SELECT id, username, email, full_name, role, tenant_id, is_active, specializations FROM users WHERE ","timestamp":"2026-05-21 13:50:02"}
{"error":"column \"tenant_id\" does not exist","level":"error","message":"Query error","text":"SELECT id, username, email, full_name, role, tenant_id, is_active, specializations FROM users WHERE ","timestamp":"2026-05-21 13:50:02"}
{"error":"column \"tenant_id\" does not exist","level":"error","message":"Query error","text":"SELECT id, username, email, full_name, role, tenant_id, is_active, specializations FROM users WHERE ","timestamp":"2026-05-21 13:51:01"}
{"error":"invalid input value for enum item_category: \"wd_35\"","level":"error","message":"Query error","text":"INSERT INTO inventory_items (\n        sku, name, category, serial_number, pcb_number, head_map,\n    ","timestamp":"2026-05-21 13:51:01"}
{"error":"column \"tenant_id\" does not exist","level":"error","message":"Query error","text":"SELECT id, username, email, full_name, role, tenant_id, is_active, specializations FROM users WHERE ","timestamp":"2026-05-21 13:51:20"}
{"error":"invalid input value for enum item_category: \"seagate_35\"","level":"error","message":"Query error","text":"INSERT INTO inventory_items (\n        sku, name, category, serial_number, pcb_number, head_map,\n    ","timestamp":"2026-05-21 13:51:20"}
{"error":"column \"tenant_id\" does not exist","level":"error","message":"Query error","text":"SELECT id, username, email, full_name, role, tenant_id, is_active, specializations FROM users WHERE ","timestamp":"2026-05-21 13:51:31"}
{"error":"invalid input value for enum item_category: \"ssd\"","level":"error","message":"Query error","text":"INSERT INTO inventory_items (\n        sku, name, category, serial_number, pcb_number, head_map,\n    ","timestamp":"2026-05-21 13:51:31"}
{"level":"info","message":"Database connected","time":"2026-05-21T08:22:39.142Z","timestamp":"2026-05-21 13:52:39"}
{"level":"info","message":"✅ Database connection established","timestamp":"2026-05-21 13:52:39"}
{"error":"foreign key constraint \"marketing_email_templates_created_by_fkey\" cannot be implemented","level":"error","message":"Query error","text":"CREATE TABLE IF NOT EXISTS marketing_email_templates (\n      id SERIAL PRIMARY KEY,\n      name VARCH","timestamp":"2026-05-21 13:52:39"}
{"error":"foreign key constraint \"marketing_whatsapp_templates_created_by_fkey\" cannot be implemented","level":"error","message":"Query error","text":"CREATE TABLE IF NOT EXISTS marketing_whatsapp_templates (\n      id SERIAL PRIMARY KEY,\n      name VA","timestamp":"2026-05-21 13:52:39"}
{"level":"info","message":"✅ Database schema migration completed","timestamp":"2026-05-21 13:52:40"}
{"level":"info","message":"✅ Inventory schema migration complete","timestamp":"2026-05-21 13:52:40"}
{"level":"info","message":"🚀 Data Recovery CRM API running on port 5001","timestamp":"2026-05-21 13:52:40"}
{"level":"info","message":"📊 Environment: development","timestamp":"2026-05-21 13:52:40"}
{"error":"relation \"marketing_email_templates\" does not exist","level":"error","message":"Query error","text":"CREATE TABLE IF NOT EXISTS marketing_campaigns (\n      id SERIAL PRIMARY KEY,\n      name VARCHAR(300","timestamp":"2026-05-21 13:52:40"}
{"error":"relation \"marketing_campaigns\" does not exist","level":"error","message":"Query error","text":"CREATE TABLE IF NOT EXISTS marketing_campaign_recipients (\n      id SERIAL PRIMARY KEY,\n      campai","timestamp":"2026-05-21 13:52:40"}
{"error":"relation \"marketing_campaign_recipients\" does not exist","level":"error","message":"Query error","text":"CREATE INDEX IF NOT EXISTS idx_campaign_recs_campaign ON marketing_campaign_recipients(campaign_id)","timestamp":"2026-05-21 13:52:40"}
{"error":"relation \"marketing_campaign_recipients\" does not exist","level":"error","message":"Query error","text":"CREATE INDEX IF NOT EXISTS idx_campaign_recs_client ON marketing_campaign_recipients(client_id)","timestamp":"2026-05-21 13:52:40"}
{"level":"info","message":"Database connected","time":"2026-05-21T08:22:45.918Z","timestamp":"2026-05-21 13:52:45"}
{"level":"info","message":"✅ Database connection established","timestamp":"2026-05-21 13:52:45"}
{"error":"foreign key constraint \"marketing_email_templates_created_by_fkey\" cannot be implemented","level":"error","message":"Query error","text":"CREATE TABLE IF NOT EXISTS marketing_email_templates (\n      id SERIAL PRIMARY KEY,\n      name VARCH","timestamp":"2026-05-21 13:52:45"}
{"error":"foreign key constraint \"marketing_whatsapp_templates_created_by_fkey\" cannot be implemented","level":"error","message":"Query error","text":"CREATE TABLE IF NOT EXISTS marketing_whatsapp_templates (\n      id SERIAL PRIMARY KEY,\n      name VA","timestamp":"2026-05-21 13:52:46"}
{"level":"info","message":"Database connected","time":"2026-05-21T08:22:47.309Z","timestamp":"2026-05-21 13:52:47"}
{"level":"info","message":"✅ Database connection established","timestamp":"2026-05-21 13:52:47"}
{"error":"foreign key constraint \"marketing_email_templates_created_by_fkey\" cannot be implemented","level":"error","message":"Query error","text":"CREATE TABLE IF NOT EXISTS marketing_email_templates (\n      id SERIAL PRIMARY KEY,\n      name VARCH","timestamp":"2026-05-21 13:52:47"}
{"error":"foreign key constraint \"marketing_whatsapp_templates_created_by_fkey\" cannot be implemented","level":"error","message":"Query error","text":"CREATE TABLE IF NOT EXISTS marketing_whatsapp_templates (\n      id SERIAL PRIMARY KEY,\n      name VA","timestamp":"2026-05-21 13:52:47"}
{"level":"info","message":"✅ Database schema migration completed","timestamp":"2026-05-21 13:52:48"}
{"error":"relation \"marketing_email_templates\" does not exist","level":"error","message":"Query error","text":"CREATE TABLE IF NOT EXISTS marketing_campaigns (\n      id SERIAL PRIMARY KEY,\n      name VARCHAR(300","timestamp":"2026-05-21 13:52:48"}
{"level":"info","message":"✅ Inventory schema migration complete","timestamp":"2026-05-21 13:52:48"}
{"level":"info","message":"🚀 Data Recovery CRM API running on port 5001","timestamp":"2026-05-21 13:52:48"}
{"level":"info","message":"📊 Environment: development","timestamp":"2026-05-21 13:52:48"}
{"error":"relation \"marketing_campaigns\" does not exist","level":"error","message":"Query error","text":"CREATE TABLE IF NOT EXISTS marketing_campaign_recipients (\n      id SERIAL PRIMARY KEY,\n      campai","timestamp":"2026-05-21 13:52:48"}
{"error":"relation \"marketing_campaign_recipients\" does not exist","level":"error","message":"Query error","text":"CREATE INDEX IF NOT EXISTS idx_campaign_recs_campaign ON marketing_campaign_recipients(campaign_id)","timestamp":"2026-05-21 13:52:48"}
{"error":"relation \"marketing_campaign_recipients\" does not exist","level":"error","message":"Query error","text":"CREATE INDEX IF NOT EXISTS idx_campaign_recs_client ON marketing_campaign_recipients(client_id)","timestamp":"2026-05-21 13:52:48"}
{"level":"info","message":"Database connected","time":"2026-05-21T08:22:49.448Z","timestamp":"2026-05-21 13:52:49"}
{"level":"info","message":"✅ Database connection established","timestamp":"2026-05-21 13:52:49"}
{"error":"foreign key constraint \"marketing_email_templates_created_by_fkey\" cannot be implemented","level":"error","message":"Query error","text":"CREATE TABLE IF NOT EXISTS marketing_email_templates (\n      id SERIAL PRIMARY KEY,\n      name VARCH","timestamp":"2026-05-21 13:52:49"}
{"error":"foreign key constraint \"marketing_whatsapp_templates_created_by_fkey\" cannot be implemented","level":"error","message":"Query error","text":"CREATE TABLE IF NOT EXISTS marketing_whatsapp_templates (\n      id SERIAL PRIMARY KEY,\n      name VA","timestamp":"2026-05-21 13:52:49"}
{"level":"info","message":"✅ Database schema migration completed","timestamp":"2026-05-21 13:52:50"}
{"error":"relation \"marketing_email_templates\" does not exist","level":"error","message":"Query error","text":"CREATE TABLE IF NOT EXISTS marketing_campaigns (\n      id SERIAL PRIMARY KEY,\n      name VARCHAR(300","timestamp":"2026-05-21 13:52:50"}
{"level":"info","message":"✅ Inventory schema migration complete","timestamp":"2026-05-21 13:52:50"}
{"level":"info","message":"🚀 Data Recovery CRM API running on port 5001","timestamp":"2026-05-21 13:52:50"}
{"level":"info","message":"📊 Environment: development","timestamp":"2026-05-21 13:52:50"}
{"error":"relation \"marketing_campaigns\" does not exist","level":"error","message":"Query error","text":"CREATE TABLE IF NOT EXISTS marketing_campaign_recipients (\n      id SERIAL PRIMARY KEY,\n      campai","timestamp":"2026-05-21 13:52:50"}
{"error":"relation \"marketing_campaign_recipients\" does not exist","level":"error","message":"Query error","text":"CREATE INDEX IF NOT EXISTS idx_campaign_recs_campaign ON marketing_campaign_recipients(campaign_id)","timestamp":"2026-05-21 13:52:50"}
{"error":"relation \"marketing_campaign_recipients\" does not exist","level":"error","message":"Query error","text":"CREATE INDEX IF NOT EXISTS idx_campaign_recs_client ON marketing_campaign_recipients(client_id)","timestamp":"2026-05-21 13:52:50"}
{"error":"foreign key constraint \"marketing_email_templates_created_by_fkey\" cannot be implemented","level":"error","message":"Query error","text":"CREATE TABLE IF NOT EXISTS marketing_email_templates (\n      id SERIAL PRIMARY KEY,\n      name VARCH","timestamp":"2026-05-21 13:52:58"}
{"error":"foreign key constraint \"marketing_whatsapp_templates_created_by_fkey\" cannot be implemented","level":"error","message":"Query error","text":"CREATE TABLE IF NOT EXISTS marketing_whatsapp_templates (\n      id SERIAL PRIMARY KEY,\n      name VA","timestamp":"2026-05-21 13:52:58"}
{"error":"relation \"marketing_email_templates\" does not exist","level":"error","message":"Query error","text":"CREATE TABLE IF NOT EXISTS marketing_campaigns (\n      id SERIAL PRIMARY KEY,\n      name VARCHAR(300","timestamp":"2026-05-21 13:52:58"}
{"level":"info","message":"Database connected","time":"2026-05-21T08:22:58.866Z","timestamp":"2026-05-21 13:52:58"}
{"level":"info","message":"✅ Database connection established","timestamp":"2026-05-21 13:52:58"}
{"error":"relation \"marketing_campaigns\" does not exist","level":"error","message":"Query error","text":"CREATE TABLE IF NOT EXISTS marketing_campaign_recipients (\n      id SERIAL PRIMARY KEY,\n      campai","timestamp":"2026-05-21 13:52:59"}

{"level":"info","message":"Database connected","time":"2026-05-21T04:25:00.807Z","timestamp":"2026-05-21 09:55:00"}
{"level":"info","message":"✅ Database connection established","timestamp":"2026-05-21 09:55:00"}
{"error":"foreign key constraint \"marketing_email_templates_created_by_fkey\" cannot be implemented","level":"error","message":"Query error","text":"CREATE TABLE IF NOT EXISTS marketing_email_templates (\n      id SERIAL PRIMARY KEY,\n      name VARCH","timestamp":"2026-05-21 09:55:00"}
{"error":"foreign key constraint \"marketing_whatsapp_templates_created_by_fkey\" cannot be implemented","level":"error","message":"Query error","text":"CREATE TABLE IF NOT EXISTS marketing_whatsapp_templates (\n      id SERIAL PRIMARY KEY,\n      name VA","timestamp":"2026-05-21 09:55:01"}
{"level":"info","message":"✅ Database schema migration completed","timestamp":"2026-05-21 09:55:01"}
{"level":"info","message":"✅ Inventory schema migration complete","timestamp":"2026-05-21 09:55:01"}
{"level":"info","message":"🚀 Data Recovery CRM API running on port 5001","timestamp":"2026-05-21 09:55:01"}
{"level":"info","message":"📊 Environment: development","timestamp":"2026-05-21 09:55:01"}
{"error":"relation \"marketing_email_templates\" does not exist","level":"error","message":"Query error","text":"CREATE TABLE IF NOT EXISTS marketing_campaigns (\n      id SERIAL PRIMARY KEY,\n      name VARCHAR(300","timestamp":"2026-05-21 09:55:01"}
{"error":"relation \"marketing_campaigns\" does not exist","level":"error","message":"Query error","text":"CREATE TABLE IF NOT EXISTS marketing_campaign_recipients (\n      id SERIAL PRIMARY KEY,\n      campai","timestamp":"2026-05-21 09:55:01"}
{"error":"relation \"marketing_campaign_recipients\" does not exist","level":"error","message":"Query error","text":"CREATE INDEX IF NOT EXISTS idx_campaign_recs_campaign ON marketing_campaign_recipients(campaign_id)","timestamp":"2026-05-21 09:55:01"}
{"error":"relation \"marketing_campaign_recipients\" does not exist","level":"error","message":"Query error","text":"CREATE INDEX IF NOT EXISTS idx_campaign_recs_client ON marketing_campaign_recipients(client_id)","timestamp":"2026-05-21 09:55:01"}
{"level":"info","message":"User logged in","timestamp":"2026-05-21 09:55:48","userId":"ceba8d1c-fb87-4343-893e-77c1e6f67067","username":"Harsh"}
{"level":"info","message":"User logged in","timestamp":"2026-05-21 09:59:47","userId":"70915da2-fb15-4d06-870d-f9b76c382d75","username":"admin2_mpdw07oh"}
{"level":"info","message":"User logged in","timestamp":"2026-05-21 11:01:39","userId":"ceba8d1c-fb87-4343-893e-77c1e6f67067","username":"Harsh"}
{"level":"info","message":"User logged in","timestamp":"2026-05-21 11:11:47","userId":"ceba8d1c-fb87-4343-893e-77c1e6f67067","username":"Harsh"}
{"level":"info","message":"User logged in","timestamp":"2026-05-21 17:22:11","userId":"70915da2-fb15-4d06-870d-f9b76c382d75","username":"admin2_mpdw07oh"}
