{"error":"","level":"error","message":"Query error","text":"CREATE TABLE IF NOT EXISTS marketing_email_templates (\n      id SERIAL PRIMARY KEY,\n      name VARCH","timestamp":"2026-05-18 10:29:07"}
{"error":"password authentication failed for user \"postgres\"","level":"error","message":"Failed to start server","timestamp":"2026-05-18 11:36:48"}
{"level":"info","message":"Database connected","time":"2026-05-18T06:28:24.054Z","timestamp":"2026-05-18 11:58:24"}
{"level":"info","message":"✅ Database connection established","timestamp":"2026-05-18 11:58:24"}
{"error":"foreign key constraint \"marketing_email_templates_created_by_fkey\" cannot be implemented","level":"error","message":"Query error","text":"CREATE TABLE IF NOT EXISTS marketing_email_templates (\n      id SERIAL PRIMARY KEY,\n      name VARCH","timestamp":"2026-05-18 11:58:24"}
{"level":"info","message":"✅ Inventory schema migration complete","timestamp":"2026-05-18 11:58:24"}
{"level":"info","message":"🚀 Data Recovery CRM API running on port 5001","timestamp":"2026-05-18 11:58:24"}
{"level":"info","message":"📊 Environment: development","timestamp":"2026-05-18 11:58:24"}
{"error":"foreign key constraint \"marketing_whatsapp_templates_created_by_fkey\" cannot be implemented","level":"error","message":"Query error","text":"CREATE TABLE IF NOT EXISTS marketing_whatsapp_templates (\n      id SERIAL PRIMARY KEY,\n      name VA","timestamp":"2026-05-18 11:58:24"}
{"error":"relation \"marketing_email_templates\" does not exist","level":"error","message":"Query error","text":"CREATE TABLE IF NOT EXISTS marketing_campaigns (\n      id SERIAL PRIMARY KEY,\n      name VARCHAR(300","timestamp":"2026-05-18 11:58:24"}
{"error":"relation \"marketing_campaigns\" does not exist","level":"error","message":"Query error","text":"CREATE TABLE IF NOT EXISTS marketing_campaign_recipients (\n      id SERIAL PRIMARY KEY,\n      campai","timestamp":"2026-05-18 11:58:24"}
{"error":"relation \"marketing_campaign_recipients\" does not exist","level":"error","message":"Query error","text":"CREATE INDEX IF NOT EXISTS idx_campaign_recs_campaign ON marketing_campaign_recipients(campaign_id)","timestamp":"2026-05-18 11:58:24"}
{"error":"relation \"marketing_campaign_recipients\" does not exist","level":"error","message":"Query error","text":"CREATE INDEX IF NOT EXISTS idx_campaign_recs_client ON marketing_campaign_recipients(client_id)","timestamp":"2026-05-18 11:58:24"}
{"level":"info","message":"User logged in","timestamp":"2026-05-18 12:11:00","userId":"a019629b-45d9-469a-892a-d3738a354953","username":"admin"}
{"ip":"::1","level":"warn","message":"Failed login attempt","timestamp":"2026-05-18 12:22:49","username":"harsh@gmail.com"}
{"level":"info","message":"User logged in","timestamp":"2026-05-18 12:22:58","userId":"ceba8d1c-fb87-4343-893e-77c1e6f67067","username":"Harsh"}
{"error":"column t.tenant_owner_id does not exist","level":"error","message":"Query error","text":"SELECT u.id, u.username, u.email AS admin_email, u.full_name AS admin_name,\n              u.phone, u","timestamp":"2026-05-18 12:22:59"}
{"error":"column t.tenant_owner_id does not exist","level":"error","message":"Query error","text":"SELECT u.id, u.username, u.email AS admin_email, u.full_name AS admin_name,\n              u.phone, u","timestamp":"2026-05-18 12:22:59"}
{"by":"ceba8d1c-fb87-4343-893e-77c1e6f67067","level":"info","message":"Tenant provisioned","tenant":"648530ac-267d-4648-8b77-e1bb260c820c","timestamp":"2026-05-18 12:24:33"}
{"error":"column t.tenant_owner_id does not exist","level":"error","message":"Query error","text":"SELECT u.id, u.username, u.email AS admin_email, u.full_name AS admin_name,\n              u.phone, u","timestamp":"2026-05-18 12:24:36"}
{"error":"column t.tenant_owner_id does not exist","level":"error","message":"Query error","text":"SELECT u.id, u.username, u.email AS admin_email, u.full_name AS admin_name,\n              u.phone, u","timestamp":"2026-05-18 12:26:57"}
{"error":"column t.tenant_owner_id does not exist","level":"error","message":"Query error","text":"SELECT u.id, u.username, u.email AS admin_email, u.full_name AS admin_name,\n              u.phone, u","timestamp":"2026-05-18 12:26:57"}
{"level":"info","message":"User logged in","timestamp":"2026-05-18 12:28:26","userId":"a019629b-45d9-469a-892a-d3738a354953","username":"admin"}
