{"error":"foreign key constraint \"marketing_email_templates_created_by_fkey\" cannot be implemented","level":"error","message":"Query error","text":"CREATE TABLE IF NOT EXISTS marketing_email_templates (\n      id SERIAL PRIMARY KEY,\n      name VARCH","timestamp":"2026-04-23 13:12:28"}
{"error":"foreign key constraint \"marketing_whatsapp_templates_created_by_fkey\" cannot be implemented","level":"error","message":"Query error","text":"CREATE TABLE IF NOT EXISTS marketing_whatsapp_templates (\n      id SERIAL PRIMARY KEY,\n      name VA","timestamp":"2026-04-23 13:12:28"}
{"error":"relation \"marketing_email_templates\" does not exist","level":"error","message":"Query error","text":"CREATE TABLE IF NOT EXISTS marketing_campaigns (\n      id SERIAL PRIMARY KEY,\n      name VARCHAR(300","timestamp":"2026-04-23 13:12:28"}
{"error":"relation \"marketing_campaigns\" does not exist","level":"error","message":"Query error","text":"CREATE TABLE IF NOT EXISTS marketing_campaign_recipients (\n      id SERIAL PRIMARY KEY,\n      campai","timestamp":"2026-04-23 13:12:28"}
{"error":"relation \"marketing_campaign_recipients\" does not exist","level":"error","message":"Query error","text":"CREATE INDEX IF NOT EXISTS idx_campaign_recs_campaign ON marketing_campaign_recipients(campaign_id)","timestamp":"2026-04-23 13:12:28"}
{"error":"relation \"marketing_campaign_recipients\" does not exist","level":"error","message":"Query error","text":"CREATE INDEX IF NOT EXISTS idx_campaign_recs_client ON marketing_campaign_recipients(client_id)","timestamp":"2026-04-23 13:12:28"}
{"error":"column t.tenant_owner_id does not exist","level":"error","message":"Query error","text":"SELECT u.id, u.username, u.email AS admin_email, u.full_name AS admin_name,\n              u.phone, u","timestamp":"2026-04-23 13:13:19"}
{"error":"column t.tenant_owner_id does not exist","level":"error","message":"Query error","text":"SELECT u.id, u.username, u.email AS admin_email, u.full_name AS admin_name,\n              u.phone, u","timestamp":"2026-04-23 13:13:19"}
{"error":"foreign key constraint \"marketing_email_templates_created_by_fkey\" cannot be implemented","level":"error","message":"Query error","text":"CREATE TABLE IF NOT EXISTS marketing_email_templates (\n      id SERIAL PRIMARY KEY,\n      name VARCH","timestamp":"2026-04-23 13:14:05"}
{"error":"foreign key constraint \"marketing_whatsapp_templates_created_by_fkey\" cannot be implemented","level":"error","message":"Query error","text":"CREATE TABLE IF NOT EXISTS marketing_whatsapp_templates (\n      id SERIAL PRIMARY KEY,\n      name VA","timestamp":"2026-04-23 13:14:05"}
{"error":"relation \"marketing_email_templates\" does not exist","level":"error","message":"Query error","text":"CREATE TABLE IF NOT EXISTS marketing_campaigns (\n      id SERIAL PRIMARY KEY,\n      name VARCHAR(300","timestamp":"2026-04-23 13:14:05"}
{"error":"relation \"marketing_campaigns\" does not exist","level":"error","message":"Query error","text":"CREATE TABLE IF NOT EXISTS marketing_campaign_recipients (\n      id SERIAL PRIMARY KEY,\n      campai","timestamp":"2026-04-23 13:14:05"}
{"error":"relation \"marketing_campaign_recipients\" does not exist","level":"error","message":"Query error","text":"CREATE INDEX IF NOT EXISTS idx_campaign_recs_campaign ON marketing_campaign_recipients(campaign_id)","timestamp":"2026-04-23 13:14:05"}
{"error":"relation \"marketing_campaign_recipients\" does not exist","level":"error","message":"Query error","text":"CREATE INDEX IF NOT EXISTS idx_campaign_recs_client ON marketing_campaign_recipients(client_id)","timestamp":"2026-04-23 13:14:05"}
{"error":"foreign key constraint \"marketing_email_templates_created_by_fkey\" cannot be implemented","level":"error","message":"Query error","text":"CREATE TABLE IF NOT EXISTS marketing_email_templates (\n      id SERIAL PRIMARY KEY,\n      name VARCH","timestamp":"2026-04-23 13:22:17"}
{"error":"foreign key constraint \"marketing_whatsapp_templates_created_by_fkey\" cannot be implemented","level":"error","message":"Query error","text":"CREATE TABLE IF NOT EXISTS marketing_whatsapp_templates (\n      id SERIAL PRIMARY KEY,\n      name VA","timestamp":"2026-04-23 13:22:17"}
{"error":"relation \"marketing_email_templates\" does not exist","level":"error","message":"Query error","text":"CREATE TABLE IF NOT EXISTS marketing_campaigns (\n      id SERIAL PRIMARY KEY,\n      name VARCHAR(300","timestamp":"2026-04-23 13:22:17"}
{"error":"relation \"marketing_campaigns\" does not exist","level":"error","message":"Query error","text":"CREATE TABLE IF NOT EXISTS marketing_campaign_recipients (\n      id SERIAL PRIMARY KEY,\n      campai","timestamp":"2026-04-23 13:22:17"}
{"error":"relation \"marketing_campaign_recipients\" does not exist","level":"error","message":"Query error","text":"CREATE INDEX IF NOT EXISTS idx_campaign_recs_campaign ON marketing_campaign_recipients(campaign_id)","timestamp":"2026-04-23 13:22:17"}
{"error":"relation \"marketing_campaign_recipients\" does not exist","level":"error","message":"Query error","text":"CREATE INDEX IF NOT EXISTS idx_campaign_recs_client ON marketing_campaign_recipients(client_id)","timestamp":"2026-04-23 13:22:17"}
{"error":"duplicate key value violates unique constraint \"refresh_tokens_token_key\"","level":"error","message":"Query error","text":"INSERT INTO refresh_tokens (user_id, token, expires_at) \n         VALUES ($1, $2, NOW() + INTERVAL '","timestamp":"2026-04-23 13:29:09"}
{"error":"duplicate key value violates unique constraint \"refresh_tokens_token_key\"","level":"error","message":"Login error","timestamp":"2026-04-23 13:29:09"}
{"error":"duplicate key value violates unique constraint \"refresh_tokens_token_key\"","level":"error","message":"Query error","text":"INSERT INTO refresh_tokens (user_id, token, expires_at) \n         VALUES ($1, $2, NOW() + INTERVAL '","timestamp":"2026-04-23 13:30:24"}
{"error":"duplicate key value violates unique constraint \"refresh_tokens_token_key\"","level":"error","message":"Login error","timestamp":"2026-04-23 13:30:24"}
{"error":"duplicate key value violates unique constraint \"refresh_tokens_token_key\"","level":"error","message":"Query error","text":"INSERT INTO refresh_tokens (user_id, token, expires_at) \n         VALUES ($1, $2, NOW() + INTERVAL '","timestamp":"2026-04-23 13:31:14"}
{"error":"duplicate key value violates unique constraint \"refresh_tokens_token_key\"","level":"error","message":"Login error","timestamp":"2026-04-23 13:31:14"}
{"error":"duplicate key value violates unique constraint \"refresh_tokens_token_key\"","level":"error","message":"Query error","text":"INSERT INTO refresh_tokens (user_id, token, expires_at) \n         VALUES ($1, $2, NOW() + INTERVAL '","timestamp":"2026-04-23 13:31:56"}
{"error":"duplicate key value violates unique constraint \"refresh_tokens_token_key\"","level":"error","message":"Login error","timestamp":"2026-04-23 13:31:56"}
