{"error":"column \"tenant_id\" does not exist","level":"error","message":"Query error","text":"SELECT id, username, email, full_name, role, tenant_id, is_active, specializations FROM users WHERE ","timestamp":"2026-05-25 09:54:04"}
{"error":"column \"tenant_id\" does not exist","level":"error","message":"Query error","text":"SELECT id, username, email, full_name, role, tenant_id, is_active, specializations,\n              av","timestamp":"2026-05-25 09:54:04"}
{"error":"column \"tenant_id\" does not exist","level":"error","message":"Query error","text":"SELECT id, username, email, full_name, role, tenant_id, is_active, specializations FROM users WHERE ","timestamp":"2026-05-25 09:54:04"}
{"error":"column \"tenant_id\" does not exist","level":"error","message":"Query error","text":"SELECT id, username, email, full_name, role, tenant_id, is_active, specializations,\n              av","timestamp":"2026-05-25 09:54:04"}
{"error":"column \"tenant_id\" does not exist","level":"error","message":"Query error","text":"SELECT id, username, email, full_name, role, tenant_id, is_active, specializations FROM users WHERE ","timestamp":"2026-05-25 09:54:04"}
{"error":"column \"tenant_id\" does not exist","level":"error","message":"Query error","text":"SELECT id, username, email, full_name, role, tenant_id, is_active, specializations FROM users WHERE ","timestamp":"2026-05-25 09:54:04"}
{"error":"column \"tenant_id\" does not exist","level":"error","message":"Query error","text":"SELECT id, username, email, full_name, role, tenant_id, is_active, specializations FROM users WHERE ","timestamp":"2026-05-25 09:54:04"}
{"error":"column \"tenant_id\" does not exist","level":"error","message":"Query error","text":"SELECT id, username, email, full_name, role, tenant_id, is_active, specializations FROM users WHERE ","timestamp":"2026-05-25 09:54:04"}
{"error":"column \"tenant_id\" does not exist","level":"error","message":"Query error","text":"SELECT id, username, email, full_name, role, tenant_id, is_active, specializations FROM users WHERE ","timestamp":"2026-05-25 09:54:06"}
{"error":"column \"tenant_id\" does not exist","level":"error","message":"Query error","text":"SELECT id, username, email, full_name, role, tenant_id, password_hash, is_active, specializations, a","timestamp":"2026-05-25 10:03:14"}
{"error":"column \"tenant_id\" does not exist","level":"error","message":"Query error","text":"SELECT id, username, email, full_name, role, tenant_id, is_active, specializations FROM users WHERE ","timestamp":"2026-05-25 10:03:16"}
{"error":"column \"tenant_id\" does not exist","level":"error","message":"Query error","text":"SELECT id, username, email, full_name, role, tenant_id, is_active, specializations FROM users WHERE ","timestamp":"2026-05-25 10:03:16"}
{"error":"foreign key constraint \"marketing_email_templates_created_by_fkey\" cannot be implemented","level":"error","message":"Query error","text":"CREATE TABLE IF NOT EXISTS marketing_email_templates (\n      id SERIAL PRIMARY KEY,\n      name VARCH","timestamp":"2026-05-25 11:32:24"}
{"error":"foreign key constraint \"marketing_whatsapp_templates_created_by_fkey\" cannot be implemented","level":"error","message":"Query error","text":"CREATE TABLE IF NOT EXISTS marketing_whatsapp_templates (\n      id SERIAL PRIMARY KEY,\n      name VA","timestamp":"2026-05-25 11:32:24"}
{"error":"relation \"marketing_email_templates\" does not exist","level":"error","message":"Query error","text":"CREATE TABLE IF NOT EXISTS marketing_campaigns (\n      id SERIAL PRIMARY KEY,\n      name VARCHAR(300","timestamp":"2026-05-25 11:32:24"}
{"error":"relation \"marketing_campaigns\" does not exist","level":"error","message":"Query error","text":"CREATE TABLE IF NOT EXISTS marketing_campaign_recipients (\n      id SERIAL PRIMARY KEY,\n      campai","timestamp":"2026-05-25 11:32:25"}
{"error":"relation \"marketing_campaign_recipients\" does not exist","level":"error","message":"Query error","text":"CREATE INDEX IF NOT EXISTS idx_campaign_recs_campaign ON marketing_campaign_recipients(campaign_id)","timestamp":"2026-05-25 11:32:26"}
{"error":"relation \"marketing_campaign_recipients\" does not exist","level":"error","message":"Query error","text":"CREATE INDEX IF NOT EXISTS idx_campaign_recs_client ON marketing_campaign_recipients(client_id)","timestamp":"2026-05-25 11:32:27"}
{"error":"column \"tenant_id\" does not exist","level":"error","message":"Query error","text":"SELECT id, username, email, full_name, role, tenant_id, is_active, specializations FROM users WHERE ","timestamp":"2026-05-25 11:32:30"}
{"error":"column \"tenant_id\" does not exist","level":"error","message":"Query error","text":"SELECT id, username, email, full_name, role, tenant_id, is_active, specializations,\n              av","timestamp":"2026-05-25 11:32:30"}
{"error":"column \"tenant_id\" does not exist","level":"error","message":"Query error","text":"SELECT id, username, email, full_name, role, tenant_id, is_active, specializations FROM users WHERE ","timestamp":"2026-05-25 11:32:30"}
{"error":"column \"tenant_id\" does not exist","level":"error","message":"Query error","text":"SELECT id, username, email, full_name, role, tenant_id, is_active, specializations,\n              av","timestamp":"2026-05-25 11:32:30"}
{"error":"column \"tenant_id\" does not exist","level":"error","message":"Query error","text":"SELECT id, username, email, full_name, role, tenant_id, is_active, specializations FROM users WHERE ","timestamp":"2026-05-25 11:33:03"}
{"error":"column \"tenant_id\" does not exist","level":"error","message":"Query error","text":"SELECT id, username, email, full_name, role, tenant_id, is_active, specializations FROM users WHERE ","timestamp":"2026-05-25 11:33:04"}
{"error":"column \"tenant_id\" does not exist","level":"error","message":"Query error","text":"SELECT id, username, email, full_name, role, tenant_id, is_active, specializations FROM users WHERE ","timestamp":"2026-05-25 11:33:26"}
{"error":"column \"tenant_id\" does not exist","level":"error","message":"Query error","text":"SELECT id, username, email, full_name, role, tenant_id, is_active, specializations FROM users WHERE ","timestamp":"2026-05-25 11:33:26"}
{"error":"column \"tenant_id\" does not exist","level":"error","message":"Query error","text":"SELECT id, username, email, full_name, role, tenant_id, is_active, specializations FROM users WHERE ","timestamp":"2026-05-25 11:33:37"}
{"error":"column \"tenant_id\" does not exist","level":"error","message":"Query error","text":"SELECT id, username, email, full_name, role, tenant_id, is_active, specializations FROM users WHERE ","timestamp":"2026-05-25 11:33:37"}
{"error":"column \"tenant_id\" does not exist","level":"error","message":"Query error","text":"SELECT id, username, email, full_name, role, tenant_id, is_active, specializations FROM users WHERE ","timestamp":"2026-05-25 11:34:15"}
{"error":"column \"tenant_id\" does not exist","level":"error","message":"Query error","text":"SELECT id, username, email, full_name, role, tenant_id, is_active, specializations FROM users WHERE ","timestamp":"2026-05-25 11:34:15"}
{"error":"column \"tenant_id\" does not exist","level":"error","message":"Query error","text":"SELECT id, username, email, full_name, role, tenant_id, is_active, specializations FROM users WHERE ","timestamp":"2026-05-25 11:34:30"}
{"error":"column \"tenant_id\" does not exist","level":"error","message":"Query error","text":"SELECT id, username, email, full_name, role, tenant_id, is_active, specializations FROM users WHERE ","timestamp":"2026-05-25 11:34:30"}
{"error":"column \"tenant_id\" does not exist","level":"error","message":"Query error","text":"SELECT id, username, email, full_name, role, tenant_id, is_active, specializations FROM users WHERE ","timestamp":"2026-05-25 11:34:40"}
{"error":"column \"tenant_id\" does not exist","level":"error","message":"Query error","text":"SELECT id, username, email, full_name, role, tenant_id, is_active, specializations FROM users WHERE ","timestamp":"2026-05-25 11:34:45"}
{"error":"column \"tenant_id\" does not exist","level":"error","message":"Query error","text":"SELECT id, username, email, full_name, role, tenant_id, is_active, specializations FROM users WHERE ","timestamp":"2026-05-25 11:34:45"}
{"error":"column \"tenant_id\" does not exist","level":"error","message":"Query error","text":"SELECT id, username, email, full_name, role, tenant_id, is_active, specializations FROM users WHERE ","timestamp":"2026-05-25 11:34:58"}
{"error":"column \"tenant_id\" does not exist","level":"error","message":"Query error","text":"SELECT id, username, email, full_name, role, tenant_id, is_active, specializations FROM users WHERE ","timestamp":"2026-05-25 11:34:58"}
{"error":"column \"tenant_id\" does not exist","level":"error","message":"Query error","text":"SELECT id, username, email, full_name, role, tenant_id, is_active, specializations FROM users WHERE ","timestamp":"2026-05-25 11:35:09"}
{"error":"column \"tenant_id\" does not exist","level":"error","message":"Query error","text":"SELECT id, username, email, full_name, role, tenant_id, is_active, specializations FROM users WHERE ","timestamp":"2026-05-25 11:35:09"}
{"error":"column \"tenant_id\" does not exist","level":"error","message":"Query error","text":"SELECT id, username, email, full_name, role, tenant_id, is_active, specializations FROM users WHERE ","timestamp":"2026-05-25 11:36:26"}
{"error":"column \"tenant_id\" does not exist","level":"error","message":"Query error","text":"SELECT id, username, email, full_name, role, tenant_id, is_active, specializations FROM users WHERE ","timestamp":"2026-05-25 11:36:26"}
{"error":"column \"tenant_id\" does not exist","level":"error","message":"Query error","text":"SELECT id, username, email, full_name, role, tenant_id, is_active, specializations FROM users WHERE ","timestamp":"2026-05-25 11:36:54"}
{"error":"column \"tenant_id\" does not exist","level":"error","message":"Query error","text":"SELECT id, username, email, full_name, role, tenant_id, is_active, specializations FROM users WHERE ","timestamp":"2026-05-25 11:36:54"}
{"error":"column \"tenant_id\" does not exist","level":"error","message":"Query error","text":"SELECT id, username, email, full_name, role, tenant_id, is_active, specializations FROM users WHERE ","timestamp":"2026-05-25 11:37:03"}
{"error":"column \"tenant_id\" does not exist","level":"error","message":"Query error","text":"SELECT id, username, email, full_name, role, tenant_id, is_active, specializations FROM users WHERE ","timestamp":"2026-05-25 11:37:03"}
{"error":"column \"tenant_id\" does not exist","level":"error","message":"Query error","text":"SELECT id, username, email, full_name, role, tenant_id, is_active, specializations FROM users WHERE ","timestamp":"2026-05-25 11:37:14"}
{"error":"column \"tenant_id\" does not exist","level":"error","message":"Query error","text":"SELECT id, username, email, full_name, role, tenant_id, is_active, specializations FROM users WHERE ","timestamp":"2026-05-25 11:37:15"}
{"error":"column \"tenant_id\" does not exist","level":"error","message":"Query error","text":"SELECT id, username, email, full_name, role, tenant_id, is_active, specializations FROM users WHERE ","timestamp":"2026-05-25 11:37:16"}
{"error":"column \"tenant_id\" does not exist","level":"error","message":"Query error","text":"SELECT id, username, email, full_name, role, tenant_id, is_active, specializations FROM users WHERE ","timestamp":"2026-05-25 11:37:16"}
{"error":"column \"tenant_id\" does not exist","level":"error","message":"Query error","text":"SELECT id, username, email, full_name, role, tenant_id, is_active, specializations FROM users WHERE ","timestamp":"2026-05-25 11:37:46"}
{"error":"column \"tenant_id\" does not exist","level":"error","message":"Query error","text":"SELECT id, username, email, full_name, role, tenant_id, is_active, specializations FROM users WHERE ","timestamp":"2026-05-25 11:37:46"}
{"error":"column \"tenant_id\" does not exist","level":"error","message":"Query error","text":"SELECT id, username, email, full_name, role, tenant_id, is_active, specializations FROM users WHERE ","timestamp":"2026-05-25 11:38:05"}
{"error":"column \"tenant_id\" does not exist","level":"error","message":"Query error","text":"SELECT id, username, email, full_name, role, tenant_id, is_active, specializations FROM users WHERE ","timestamp":"2026-05-25 11:38:05"}
{"error":"column \"tenant_id\" does not exist","level":"error","message":"Query error","text":"SELECT id, username, email, full_name, role, tenant_id, is_active, specializations FROM users WHERE ","timestamp":"2026-05-25 11:43:15"}
{"error":"column \"tenant_id\" does not exist","level":"error","message":"Query error","text":"SELECT id, username, email, full_name, role, tenant_id, is_active, specializations FROM users WHERE ","timestamp":"2026-05-25 11:43:15"}
{"error":"column \"tenant_id\" does not exist","level":"error","message":"Query error","text":"SELECT id, username, email, full_name, role, tenant_id, is_active, specializations FROM users WHERE ","timestamp":"2026-05-25 11:43:19"}
{"error":"column \"tenant_id\" does not exist","level":"error","message":"Query error","text":"SELECT id, username, email, full_name, role, tenant_id, is_active, specializations FROM users WHERE ","timestamp":"2026-05-25 11:43:19"}
{"error":"column \"tenant_id\" does not exist","level":"error","message":"Query error","text":"SELECT id, username, email, full_name, role, tenant_id, is_active, specializations FROM users WHERE ","timestamp":"2026-05-25 11:44:08"}
{"error":"column \"tenant_id\" does not exist","level":"error","message":"Query error","text":"SELECT id, username, email, full_name, role, tenant_id, is_active, specializations FROM users WHERE ","timestamp":"2026-05-25 11:44:08"}
{"error":"column \"tenant_id\" does not exist","level":"error","message":"Query error","text":"SELECT id, username, email, full_name, role, tenant_id, is_active, specializations FROM users WHERE ","timestamp":"2026-05-25 11:44:21"}
{"error":"column \"tenant_id\" does not exist","level":"error","message":"Query error","text":"SELECT id, username, email, full_name, role, tenant_id, is_active, specializations FROM users WHERE ","timestamp":"2026-05-25 11:44:21"}
{"error":"column \"tenant_id\" does not exist","level":"error","message":"Query error","text":"SELECT id, username, email, full_name, role, tenant_id, is_active, specializations FROM users WHERE ","timestamp":"2026-05-25 11:44:21"}
{"error":"column \"tenant_id\" does not exist","level":"error","message":"Query error","text":"SELECT id, username, email, full_name, role, tenant_id, is_active, specializations FROM users WHERE ","timestamp":"2026-05-25 11:44:21"}
{"error":"column \"tenant_id\" does not exist","level":"error","message":"Query error","text":"SELECT id, username, email, full_name, role, tenant_id, is_active, specializations FROM users WHERE ","timestamp":"2026-05-25 11:45:23"}
{"error":"column \"tenant_id\" does not exist","level":"error","message":"Query error","text":"SELECT id, username, email, full_name, role, tenant_id, is_active, specializations FROM users WHERE ","timestamp":"2026-05-25 11:45:23"}
{"error":"column \"tenant_id\" does not exist","level":"error","message":"Query error","text":"SELECT id, username, email, full_name, role, tenant_id, is_active, specializations FROM users WHERE ","timestamp":"2026-05-25 11:45:27"}
{"error":"column \"tenant_id\" does not exist","level":"error","message":"Query error","text":"SELECT id, username, email, full_name, role, tenant_id, is_active, specializations FROM users WHERE ","timestamp":"2026-05-25 11:45:27"}
{"error":"column \"tenant_id\" does not exist","level":"error","message":"Query error","text":"SELECT id, username, email, full_name, role, tenant_id, is_active, specializations FROM users WHERE ","timestamp":"2026-05-25 11:45:32"}
{"error":"column \"tenant_id\" does not exist","level":"error","message":"Query error","text":"SELECT id, username, email, full_name, role, tenant_id, is_active, specializations FROM users WHERE ","timestamp":"2026-05-25 11:45:32"}
{"error":"foreign key constraint \"marketing_email_templates_created_by_fkey\" cannot be implemented","level":"error","message":"Query error","text":"CREATE TABLE IF NOT EXISTS marketing_email_templates (\n      id SERIAL PRIMARY KEY,\n      name VARCH","timestamp":"2026-05-25 12:17:09"}
{"error":"foreign key constraint \"marketing_whatsapp_templates_created_by_fkey\" cannot be implemented","level":"error","message":"Query error","text":"CREATE TABLE IF NOT EXISTS marketing_whatsapp_templates (\n      id SERIAL PRIMARY KEY,\n      name VA","timestamp":"2026-05-25 12:17:09"}
{"error":"relation \"marketing_email_templates\" does not exist","level":"error","message":"Query error","text":"CREATE TABLE IF NOT EXISTS marketing_campaigns (\n      id SERIAL PRIMARY KEY,\n      name VARCHAR(300","timestamp":"2026-05-25 12:17:10"}
{"error":"relation \"marketing_campaigns\" does not exist","level":"error","message":"Query error","text":"CREATE TABLE IF NOT EXISTS marketing_campaign_recipients (\n      id SERIAL PRIMARY KEY,\n      campai","timestamp":"2026-05-25 12:17:10"}
{"error":"relation \"marketing_campaign_recipients\" does not exist","level":"error","message":"Query error","text":"CREATE INDEX IF NOT EXISTS idx_campaign_recs_campaign ON marketing_campaign_recipients(campaign_id)","timestamp":"2026-05-25 12:17:10"}
{"error":"relation \"marketing_campaign_recipients\" does not exist","level":"error","message":"Query error","text":"CREATE INDEX IF NOT EXISTS idx_campaign_recs_client ON marketing_campaign_recipients(client_id)","timestamp":"2026-05-25 12:17:10"}
{"error":"foreign key constraint \"marketing_email_templates_created_by_fkey\" cannot be implemented","level":"error","message":"Query error","text":"CREATE TABLE IF NOT EXISTS marketing_email_templates (\n      id SERIAL PRIMARY KEY,\n      name VARCH","timestamp":"2026-05-25 12:19:26"}
{"error":"foreign key constraint \"marketing_whatsapp_templates_created_by_fkey\" cannot be implemented","level":"error","message":"Query error","text":"CREATE TABLE IF NOT EXISTS marketing_whatsapp_templates (\n      id SERIAL PRIMARY KEY,\n      name VA","timestamp":"2026-05-25 12:19:26"}
{"error":"relation \"marketing_email_templates\" does not exist","level":"error","message":"Query error","text":"CREATE TABLE IF NOT EXISTS marketing_campaigns (\n      id SERIAL PRIMARY KEY,\n      name VARCHAR(300","timestamp":"2026-05-25 12:19:27"}
{"error":"relation \"marketing_campaigns\" does not exist","level":"error","message":"Query error","text":"CREATE TABLE IF NOT EXISTS marketing_campaign_recipients (\n      id SERIAL PRIMARY KEY,\n      campai","timestamp":"2026-05-25 12:19:27"}
{"error":"relation \"marketing_campaign_recipients\" does not exist","level":"error","message":"Query error","text":"CREATE INDEX IF NOT EXISTS idx_campaign_recs_campaign ON marketing_campaign_recipients(campaign_id)","timestamp":"2026-05-25 12:19:27"}
{"error":"relation \"marketing_campaign_recipients\" does not exist","level":"error","message":"Query error","text":"CREATE INDEX IF NOT EXISTS idx_campaign_recs_client ON marketing_campaign_recipients(client_id)","timestamp":"2026-05-25 12:19:27"}
{"error":"column \"tenant_id\" does not exist","level":"error","message":"Query error","text":"SELECT id, username, email, full_name, role, tenant_id, is_active, specializations FROM users WHERE ","timestamp":"2026-05-25 12:31:40"}
{"error":"column \"tenant_id\" does not exist","level":"error","message":"Query error","text":"SELECT id, username, email, full_name, role, tenant_id, is_active, specializations,\n              av","timestamp":"2026-05-25 12:31:40"}
{"error":"column \"tenant_id\" does not exist","level":"error","message":"Query error","text":"SELECT id, username, email, full_name, role, tenant_id, is_active, specializations FROM users WHERE ","timestamp":"2026-05-25 12:31:40"}
{"error":"column \"tenant_id\" does not exist","level":"error","message":"Query error","text":"SELECT id, username, email, full_name, role, tenant_id, is_active, specializations,\n              av","timestamp":"2026-05-25 12:31:40"}
{"error":"column \"tenant_id\" does not exist","level":"error","message":"Query error","text":"SELECT id, username, email, full_name, role, tenant_id, is_active, specializations FROM users WHERE ","timestamp":"2026-05-25 12:31:41"}
{"error":"column \"tenant_id\" does not exist","level":"error","message":"Query error","text":"SELECT id, username, email, full_name, role, tenant_id, is_active, specializations FROM users WHERE ","timestamp":"2026-05-25 12:31:41"}
{"error":"column \"tenant_id\" does not exist","level":"error","message":"Query error","text":"SELECT id, username, email, full_name, role, tenant_id, is_active, specializations FROM users WHERE ","timestamp":"2026-05-25 12:31:50"}
{"error":"column \"tenant_id\" does not exist","level":"error","message":"Query error","text":"SELECT id, username, email, full_name, role, tenant_id, is_active, specializations,\n              av","timestamp":"2026-05-25 12:31:50"}
{"error":"column \"tenant_id\" does not exist","level":"error","message":"Query error","text":"SELECT id, username, email, full_name, role, tenant_id, is_active, specializations FROM users WHERE ","timestamp":"2026-05-25 12:31:50"}
{"error":"column \"tenant_id\" does not exist","level":"error","message":"Query error","text":"SELECT id, username, email, full_name, role, tenant_id, is_active, specializations,\n              av","timestamp":"2026-05-25 12:31:50"}
{"error":"column \"tenant_id\" does not exist","level":"error","message":"Query error","text":"SELECT id, username, email, full_name, role, tenant_id, is_active, specializations FROM users WHERE ","timestamp":"2026-05-25 12:31:50"}
{"error":"column \"tenant_id\" does not exist","level":"error","message":"Query error","text":"SELECT id, username, email, full_name, role, tenant_id, is_active, specializations FROM users WHERE ","timestamp":"2026-05-25 12:31:51"}
{"error":"column \"tenant_id\" does not exist","level":"error","message":"Query error","text":"SELECT id, username, email, full_name, role, tenant_id, is_active, specializations FROM users WHERE ","timestamp":"2026-05-25 12:32:09"}
{"error":"column \"tenant_id\" does not exist","level":"error","message":"Query error","text":"SELECT id, username, email, full_name, role, tenant_id, is_active, specializations FROM users WHERE ","timestamp":"2026-05-25 12:32:09"}
{"error":"column \"tenant_id\" does not exist","level":"error","message":"Query error","text":"SELECT id, username, email, full_name, role, tenant_id, is_active, specializations FROM users WHERE ","timestamp":"2026-05-25 12:32:12"}
{"error":"column \"tenant_id\" does not exist","level":"error","message":"Query error","text":"SELECT id, username, email, full_name, role, tenant_id, is_active, specializations FROM users WHERE ","timestamp":"2026-05-25 12:32:12"}
{"error":"column \"tenant_id\" does not exist","level":"error","message":"Query error","text":"SELECT id, username, email, full_name, role, tenant_id, is_active, specializations FROM users WHERE ","timestamp":"2026-05-25 12:32:19"}
{"error":"foreign key constraint \"marketing_email_templates_created_by_fkey\" cannot be implemented","level":"error","message":"Query error","text":"CREATE TABLE IF NOT EXISTS marketing_email_templates (\n      id SERIAL PRIMARY KEY,\n      name VARCH","timestamp":"2026-05-25 12:32:40"}
{"error":"foreign key constraint \"marketing_whatsapp_templates_created_by_fkey\" cannot be implemented","level":"error","message":"Query error","text":"CREATE TABLE IF NOT EXISTS marketing_whatsapp_templates (\n      id SERIAL PRIMARY KEY,\n      name VA","timestamp":"2026-05-25 12:32:41"}
{"error":"relation \"marketing_email_templates\" does not exist","level":"error","message":"Query error","text":"CREATE TABLE IF NOT EXISTS marketing_campaigns (\n      id SERIAL PRIMARY KEY,\n      name VARCHAR(300","timestamp":"2026-05-25 12:32:41"}
{"error":"relation \"marketing_campaigns\" does not exist","level":"error","message":"Query error","text":"CREATE TABLE IF NOT EXISTS marketing_campaign_recipients (\n      id SERIAL PRIMARY KEY,\n      campai","timestamp":"2026-05-25 12:32:41"}
{"error":"relation \"marketing_campaign_recipients\" does not exist","level":"error","message":"Query error","text":"CREATE INDEX IF NOT EXISTS idx_campaign_recs_campaign ON marketing_campaign_recipients(campaign_id)","timestamp":"2026-05-25 12:32:41"}
{"error":"relation \"marketing_campaign_recipients\" does not exist","level":"error","message":"Query error","text":"CREATE INDEX IF NOT EXISTS idx_campaign_recs_client ON marketing_campaign_recipients(client_id)","timestamp":"2026-05-25 12:32:41"}
{"error":"column \"tenant_id\" does not exist","level":"error","message":"Query error","text":"SELECT id, username, email, full_name, role, tenant_id, password_hash, is_active, specializations, a","timestamp":"2026-05-25 12:32:53"}
{"error":"column \"tenant_id\" does not exist","level":"error","message":"Query error","text":"SELECT id, username, email, full_name, role, tenant_id, is_active, specializations FROM users WHERE ","timestamp":"2026-05-25 12:32:54"}
{"error":"column \"tenant_id\" does not exist","level":"error","message":"Query error","text":"SELECT id, username, email, full_name, role, tenant_id, is_active, specializations FROM users WHERE ","timestamp":"2026-05-25 12:32:54"}
{"error":"column \"tenant_id\" does not exist","level":"error","message":"Query error","text":"SELECT id, username, email, full_name, role, tenant_id, is_active, specializations FROM users WHERE ","timestamp":"2026-05-25 12:33:03"}
{"error":"column \"tenant_id\" does not exist","level":"error","message":"Query error","text":"SELECT id, username, email, full_name, role, tenant_id, is_active, specializations FROM users WHERE ","timestamp":"2026-05-25 12:33:03"}
{"error":"column \"tenant_id\" does not exist","level":"error","message":"Query error","text":"SELECT id, username, email, full_name, role, tenant_id, is_active, specializations FROM users WHERE ","timestamp":"2026-05-25 12:33:04"}
{"error":"column \"tenant_id\" does not exist","level":"error","message":"Query error","text":"SELECT id, username, email, full_name, role, tenant_id, is_active, specializations FROM users WHERE ","timestamp":"2026-05-25 12:33:04"}
{"error":"column \"tenant_id\" does not exist","level":"error","message":"Query error","text":"SELECT id, username, email, full_name, role, tenant_id, is_active, specializations FROM users WHERE ","timestamp":"2026-05-25 12:33:24"}
{"error":"column \"tenant_id\" does not exist","level":"error","message":"Query error","text":"SELECT id, username, email, full_name, role, tenant_id, is_active, specializations FROM users WHERE ","timestamp":"2026-05-25 12:33:24"}
{"error":"column \"tenant_id\" does not exist","level":"error","message":"Query error","text":"SELECT id, username, email, full_name, role, tenant_id, is_active, specializations FROM users WHERE ","timestamp":"2026-05-25 12:33:30"}
{"error":"column \"tenant_id\" does not exist","level":"error","message":"Query error","text":"SELECT id, username, email, full_name, role, tenant_id, is_active, specializations FROM users WHERE ","timestamp":"2026-05-25 12:33:30"}
{"error":"column \"tenant_id\" does not exist","level":"error","message":"Query error","text":"SELECT id, username, email, full_name, role, tenant_id, is_active, specializations FROM users WHERE ","timestamp":"2026-05-25 12:33:43"}
{"error":"column \"tenant_id\" does not exist","level":"error","message":"Query error","text":"SELECT id, username, email, full_name, role, tenant_id, is_active, specializations FROM users WHERE ","timestamp":"2026-05-25 12:33:43"}
{"error":"column \"tenant_id\" does not exist","level":"error","message":"Query error","text":"SELECT id, username, email, full_name, role, tenant_id, is_active, specializations FROM users WHERE ","timestamp":"2026-05-25 12:33:43"}
{"error":"column \"tenant_id\" does not exist","level":"error","message":"Query error","text":"SELECT id, username, email, full_name, role, tenant_id, is_active, specializations FROM users WHERE ","timestamp":"2026-05-25 12:33:43"}
{"error":"column \"tenant_id\" does not exist","level":"error","message":"Query error","text":"SELECT id, username, email, full_name, role, tenant_id, is_active, specializations FROM users WHERE ","timestamp":"2026-05-25 12:33:45"}
{"error":"column \"tenant_id\" does not exist","level":"error","message":"Query error","text":"SELECT id, username, email, full_name, role, tenant_id, is_active, specializations FROM users WHERE ","timestamp":"2026-05-25 12:33:45"}
{"error":"column \"tenant_id\" does not exist","level":"error","message":"Query error","text":"SELECT id, username, email, full_name, role, tenant_id, is_active, specializations FROM users WHERE ","timestamp":"2026-05-25 12:33:58"}
{"error":"column \"tenant_id\" does not exist","level":"error","message":"Query error","text":"SELECT id, username, email, full_name, role, tenant_id, is_active, specializations FROM users WHERE ","timestamp":"2026-05-25 12:33:58"}
{"error":"column \"tenant_id\" does not exist","level":"error","message":"Query error","text":"SELECT id, username, email, full_name, role, tenant_id, is_active, specializations FROM users WHERE ","timestamp":"2026-05-25 12:33:59"}
{"error":"column \"tenant_id\" does not exist","level":"error","message":"Query error","text":"SELECT id, username, email, full_name, role, tenant_id, is_active, specializations FROM users WHERE ","timestamp":"2026-05-25 12:33:59"}
{"error":"column \"tenant_id\" does not exist","level":"error","message":"Query error","text":"SELECT id, username, email, full_name, role, tenant_id, is_active, specializations FROM users WHERE ","timestamp":"2026-05-25 12:34:04"}
{"error":"column \"tenant_id\" does not exist","level":"error","message":"Query error","text":"SELECT id, username, email, full_name, role, tenant_id, is_active, specializations FROM users WHERE ","timestamp":"2026-05-25 12:34:04"}
{"error":"column \"tenant_id\" does not exist","level":"error","message":"Query error","text":"SELECT id, username, email, full_name, role, tenant_id, is_active, specializations FROM users WHERE ","timestamp":"2026-05-25 12:34:07"}
{"error":"column \"tenant_id\" does not exist","level":"error","message":"Query error","text":"SELECT id, username, email, full_name, role, tenant_id, is_active, specializations FROM users WHERE ","timestamp":"2026-05-25 12:34:07"}
{"error":"password authentication failed for user \"postgres\"","level":"error","message":"Query error","text":"CREATE TABLE IF NOT EXISTS marketing_email_templates (\n      id SERIAL PRIMARY KEY,\n      name VARCH","timestamp":"2026-05-25 12:39:46"}
{"error":"foreign key constraint \"marketing_email_templates_created_by_fkey\" cannot be implemented","level":"error","message":"Query error","text":"CREATE TABLE IF NOT EXISTS marketing_email_templates (\n      id SERIAL PRIMARY KEY,\n      name VARCH","timestamp":"2026-05-25 12:54:08"}
{"error":"foreign key constraint \"marketing_whatsapp_templates_created_by_fkey\" cannot be implemented","level":"error","message":"Query error","text":"CREATE TABLE IF NOT EXISTS marketing_whatsapp_templates (\n      id SERIAL PRIMARY KEY,\n      name VA","timestamp":"2026-05-25 12:54:08"}
{"error":"relation \"marketing_email_templates\" does not exist","level":"error","message":"Query error","text":"CREATE TABLE IF NOT EXISTS marketing_campaigns (\n      id SERIAL PRIMARY KEY,\n      name VARCHAR(300","timestamp":"2026-05-25 12:54:09"}
{"error":"relation \"marketing_campaigns\" does not exist","level":"error","message":"Query error","text":"CREATE TABLE IF NOT EXISTS marketing_campaign_recipients (\n      id SERIAL PRIMARY KEY,\n      campai","timestamp":"2026-05-25 12:54:10"}
{"error":"relation \"marketing_campaign_recipients\" does not exist","level":"error","message":"Query error","text":"CREATE INDEX IF NOT EXISTS idx_campaign_recs_campaign ON marketing_campaign_recipients(campaign_id)","timestamp":"2026-05-25 12:54:10"}
{"error":"relation \"marketing_campaign_recipients\" does not exist","level":"error","message":"Query error","text":"CREATE INDEX IF NOT EXISTS idx_campaign_recs_client ON marketing_campaign_recipients(client_id)","timestamp":"2026-05-25 12:54:10"}
{"error":"column \"tenant_id\" does not exist","level":"error","message":"Query error","text":"SELECT id, username, email, full_name, role, tenant_id, is_active, specializations FROM users WHERE ","timestamp":"2026-05-25 12:54:17"}
{"error":"column \"tenant_id\" does not exist","level":"error","message":"Query error","text":"SELECT id, username, email, full_name, role, tenant_id, is_active, specializations FROM users WHERE ","timestamp":"2026-05-25 12:54:27"}
{"error":"column \"tenant_id\" does not exist","level":"error","message":"Query error","text":"SELECT id, username, email, full_name, role, tenant_id, is_active, specializations,\n              av","timestamp":"2026-05-25 12:54:27"}
{"error":"column \"tenant_id\" does not exist","level":"error","message":"Query error","text":"SELECT id, username, email, full_name, role, tenant_id, is_active, specializations FROM users WHERE ","timestamp":"2026-05-25 12:54:27"}
{"error":"column \"tenant_id\" does not exist","level":"error","message":"Query error","text":"SELECT id, username, email, full_name, role, tenant_id, is_active, specializations,\n              av","timestamp":"2026-05-25 12:54:27"}
{"error":"column \"tenant_id\" does not exist","level":"error","message":"Query error","text":"SELECT id, username, email, full_name, role, tenant_id, is_active, specializations FROM users WHERE ","timestamp":"2026-05-25 12:54:27"}
{"error":"column \"tenant_id\" does not exist","level":"error","message":"Query error","text":"SELECT id, username, email, full_name, role, tenant_id, is_active, specializations FROM users WHERE ","timestamp":"2026-05-25 12:54:28"}
{"error":"column \"tenant_id\" does not exist","level":"error","message":"Query error","text":"SELECT id, username, email, full_name, role, tenant_id, is_active, specializations FROM users WHERE ","timestamp":"2026-05-25 12:54:30"}
{"error":"column \"tenant_id\" does not exist","level":"error","message":"Query error","text":"SELECT id, username, email, full_name, role, tenant_id, password_hash, is_active, specializations, a","timestamp":"2026-05-25 12:54:39"}
{"error":"column \"tenant_id\" does not exist","level":"error","message":"Query error","text":"SELECT id, username, email, full_name, role, tenant_id, is_active, specializations FROM users WHERE ","timestamp":"2026-05-25 12:54:41"}
{"error":"column \"tenant_id\" does not exist","level":"error","message":"Query error","text":"SELECT id, username, email, full_name, role, tenant_id, is_active, specializations FROM users WHERE ","timestamp":"2026-05-25 12:54:41"}
{"error":"column \"tenant_id\" does not exist","level":"error","message":"Query error","text":"SELECT id, username, email, full_name, role, tenant_id, is_active, specializations FROM users WHERE ","timestamp":"2026-05-25 12:54:54"}
{"error":"column \"tenant_id\" does not exist","level":"error","message":"Query error","text":"SELECT id, username, email, full_name, role, tenant_id, is_active, specializations FROM users WHERE ","timestamp":"2026-05-25 12:54:54"}
{"error":"column \"tenant_id\" does not exist","level":"error","message":"Query error","text":"SELECT id, username, email, full_name, role, tenant_id, is_active, specializations FROM users WHERE ","timestamp":"2026-05-25 12:54:57"}
{"error":"column \"tenant_id\" does not exist","level":"error","message":"Query error","text":"SELECT id, username, email, full_name, role, tenant_id, is_active, specializations FROM users WHERE ","timestamp":"2026-05-25 12:54:57"}
{"error":"column \"tenant_id\" does not exist","level":"error","message":"Query error","text":"SELECT id, username, email, full_name, role, tenant_id, is_active, specializations FROM users WHERE ","timestamp":"2026-05-25 12:55:23"}
{"error":"column \"tenant_id\" does not exist","level":"error","message":"Query error","text":"SELECT id, username, email, full_name, role, tenant_id, is_active, specializations FROM users WHERE ","timestamp":"2026-05-25 12:55:23"}
